Installation started at Sun Jan 26 04:36:17 AM EET 2025
System information:
Linux pharmaracist 6.12.10-arch1-1 #1 SMP PREEMPT_DYNAMIC Sat, 18 Jan 2025 02:26:57 +0000 x86_64 GNU/Linux
[34m[./install.sh]: Hi there! Before we start:
This script 1. only works for ArchLinux and Arch-based distros.
            2. does not handle system-level/hardware stuff like Nvidia drivers
[31mWould you like to create a backup for "/home/pharmaracist/.config" and "/home/pharmaracist/.local/" folders?
[y/N]:  Skipping backup...

Do you want to confirm every time before a command executes?
  y = Yes, ask me before executing each of them. (DEFAULT)
  n = No, just execute them automatically.
  a = Abort.
====> [36m[./install.sh]: 1. Get packages and setup user groups/services
[0m####################################################
[34m[./install.sh]: Next command:[0m
[32msudo pacman -Syu[0m
:: Synchronizing package databases...
 endeavouros downloading...
 core downloading...
 extra downloading...
 multilib downloading...
:: Starting full system upgrade...
resolving dependencies...
looking for conflicting packages...

Package (6)       Old Version  New Version  Net Change  Download Size

extra/gvfs        1.56.1-1     1.56.1-2       0.00 MiB       0.95 MiB
extra/libvlc      3.0.21-11    3.0.21-12      0.00 MiB       0.66 MiB
core/man-pages    6.9.1-1      6.10-1         0.07 MiB       5.61 MiB
extra/vlc         3.0.21-11    3.0.21-12     -0.01 MiB      11.11 MiB
extra/vte-common  0.78.2-1     0.78.3-1       0.00 MiB       0.05 MiB
extra/vte3        0.78.2-1     0.78.3-1       0.00 MiB       0.37 MiB

Total Download Size:   18.75 MiB
Total Installed Size:  72.21 MiB
Net Upgrade Size:       0.06 MiB

:: Proceed with installation? [Y/n] :: Retrieving packages...
 vlc-3.0.21-12-x86_64 downloading...
 man-pages-6.10-1-any downloading...
 gvfs-1.56.1-2-x86_64 downloading...
 libvlc-3.0.21-12-x86_64 downloading...
 vte3-0.78.3-1-x86_64 downloading...
 vte-common-0.78.3-1-x86_64 downloading...
checking keyring...
checking package integrity...
loading package files...
checking for file conflicts...
:: Processing package changes...
upgrading gvfs...
upgrading libvlc...
upgrading man-pages...
upgrading vlc...
upgrading vte-common...
upgrading vte3...
:: Running post-transaction hooks...
( 1/10) Reloading user manager configuration...
( 2/10) Creating temporary files...
( 3/10) Arming ConditionNeedsUpdate...
( 4/10) Updating GIO module cache...
( 5/10) Compiling GSettings XML schema files...
( 6/10) Updating icon theme caches...
( 7/10) Reloading GVFS config...
pkill: not a hex string: c000000100004201
( 8/10) Checking which packages need to be rebuilt
( 9/10) Updating the desktop file MIME type cache...
(10/10) Updating the vlc plugin cache...
[34m[./install.sh]: Command "[32msudo pacman -Syu[34m" finished.[0m
####################################################
[34m[./install.sh]: Next command:[0m
[32mset-explicit-to-implicit[0m
Attempting to set previously explicitly installed deps as implicit...
cava: install reason has been set to 'installed as dependency'
hyprshade: install reason has been set to 'installed as dependency'
matugen-bin: install reason has been set to 'installed as dependency'
nwg-look: install reason has been set to 'installed as dependency'
obsidian: install reason has been set to 'installed as dependency'
stow: install reason has been set to 'installed as dependency'
timeshift: install reason has been set to 'installed as dependency'
ttf-jetbrains-mono: install reason has been set to 'installed as dependency'
uwsm: install reason has been set to 'installed as dependency'
vesktop: install reason has been set to 'installed as dependency'
windsurf: install reason has been set to 'installed as dependency'
zed: install reason has been set to 'installed as dependency'
zen-browser-bin: install reason has been set to 'installed as dependency'
[34m[./install.sh]: Command "[32mset-explicit-to-implicit[34m" finished.[0m
error: target not found: illogical-impulse-microtex
####################################################
[34m[./install.sh]: Next command:[0m
[32minstall-local-pkgbuild ./arch-packages/illogical-impulse-audio --needed --noconfirm[0m
~/dots-hyprland/arch-packages/illogical-impulse-audio ~/dots-hyprland
[34m[./install.sh]: Command "[32mpushd ./arch-packages/illogical-impulse-audio[34m" finished.[0m
Sync Dependency (5): wireplumber-0.5.7-1, libdbusmenu-gtk3-16.04.0.r498-2, playerctl-2.4.1-4, swww-0.9.5-2, pavucontrol-1:6.1-1
warning: pavucontrol-1:6.1-1 is up to date -- skipping
warning: wireplumber-0.5.7-1 is up to date -- skipping
warning: libdbusmenu-gtk3-16.04.0.r498-2 is up to date -- skipping
warning: playerctl-2.4.1-4 is up to date -- skipping
warning: swww-0.9.5-2 is up to date -- skipping
 there is nothing to do
[34m[./install.sh]: Command "[32myay -S --needed --noconfirm --asdeps pavucontrol wireplumber libdbusmenu-gtk3 playerctl swww[34m" finished.[0m
==> Making package: illogical-impulse-audio 1.0-1 (Sun 26 Jan 2025 04:36:47 AM EET)
==> Checking runtime dependencies...
==> Checking buildtime dependencies...
==> Retrieving sources...
==> Extracting sources...
==> Entering fakeroot environment...
==> Tidying install...
  -> Removing libtool files...
  -> Purging unwanted files...
  -> Removing static library files...
  -> Stripping unneeded symbols from binaries and libraries...
  -> Compressing man and info pages...
==> Checking for packaging issues...
==> Creating package "illogical-impulse-audio"...
  -> Generating .PKGINFO file...
  -> Generating .BUILDINFO file...
  -> Generating .MTREE file...
  -> Compressing package...
==> Leaving fakeroot environment.
==> Finished making: illogical-impulse-audio 1.0-1 (Sun 26 Jan 2025 04:36:49 AM EET)
==> Installing package illogical-impulse-audio with pacman -U...
warning: illogical-impulse-audio-1.0-1 is up to date -- reinstalling
loading packages...
resolving dependencies...
looking for conflicting packages...

Package (1)              Old Version  New Version  Net Change

illogical-impulse-audio  1.0-1        1.0-1          0.00 MiB


:: Proceed with installation? [Y/n] 
checking keyring...
checking package integrity...
loading package files...
checking for file conflicts...
:: Processing package changes...
reinstalling illogical-impulse-audio...
:: Running post-transaction hooks...
(1/1) Checking which packages need to be rebuilt
[34m[./install.sh]: Command "[32mmakepkg -si --noconfirm[34m" finished.[0m
~/dots-hyprland
[34m[./install.sh]: Command "[32mpopd[34m" finished.[0m
[34m[./install.sh]: Command "[32minstall-local-pkgbuild ./arch-packages/illogical-impulse-audio --needed --noconfirm[34m" finished.[0m
####################################################
[34m[./install.sh]: Next command:[0m
[32minstall-local-pkgbuild ./arch-packages/illogical-impulse-backlight --needed --noconfirm[0m
~/dots-hyprland/arch-packages/illogical-impulse-backlight ~/dots-hyprland
[34m[./install.sh]: Command "[32mpushd ./arch-packages/illogical-impulse-backlight[34m" finished.[0m
Sync Dependency (2): brightnessctl-0.5.1-3, ddcutil-2.1.4-2
warning: ddcutil-2.1.4-2 is up to date -- skipping
warning: brightnessctl-0.5.1-3 is up to date -- skipping
 there is nothing to do
[34m[./install.sh]: Command "[32myay -S --needed --noconfirm --asdeps brightnessctl ddcutil[34m" finished.[0m
==> Making package: illogical-impulse-backlight 1.0-1 (Sun 26 Jan 2025 04:38:04 AM EET)
==> Checking runtime dependencies...
==> Checking buildtime dependencies...
==> Retrieving sources...
==> Extracting sources...
==> Entering fakeroot environment...
==> Tidying install...
  -> Removing libtool files...
  -> Purging unwanted files...
  -> Removing static library files...
  -> Stripping unneeded symbols from binaries and libraries...
  -> Compressing man and info pages...
==> Checking for packaging issues...
==> Creating package "illogical-impulse-backlight"...
  -> Generating .PKGINFO file...
  -> Generating .BUILDINFO file...
  -> Generating .MTREE file...
  -> Compressing package...
==> Leaving fakeroot environment.
==> Finished making: illogical-impulse-backlight 1.0-1 (Sun 26 Jan 2025 04:38:06 AM EET)
==> Installing package illogical-impulse-backlight with pacman -U...
sudo: timed out reading password
sudo: a password is required
==> WARNING: Failed to install built package(s).
[31m[./install.sh]: Command "[32mmakepkg -si --noconfirm[31m" has failed.
You may need to resolve the problem manually BEFORE repeating this command.
[Tip] If a certain package is failing to install, try installing it separately in another terminal.
[Tip] If a package is conflicting with its -git version, in another terminal, install the -git one.[0m
  r = Repeat this command (DEFAULT)
  e = Exit now
  i = Ignore this error and continue (your setup might not work correctly)
 [R/e/i]: [34mAlright, ignore and continue...[0m
[31m[./install.sh]: Command "[32mmakepkg -si --noconfirm[31m" has failed but ignored by user.[0m
~/dots-hyprland
[34m[./install.sh]: Command "[32mpopd[34m" finished.[0m
[34m[./install.sh]: Command "[32minstall-local-pkgbuild ./arch-packages/illogical-impulse-backlight --needed --noconfirm[34m" finished.[0m
####################################################
[34m[./install.sh]: Next command:[0m
[32minstall-local-pkgbuild ./arch-packages/illogical-impulse-basic --needed --noconfirm[0m
~/dots-hyprland/arch-packages/illogical-impulse-basic ~/dots-hyprland
[34m[./install.sh]: Command "[32mpushd ./arch-packages/illogical-impulse-basic[34m" finished.[0m
Sync Dependency (16): cmake-3.31.5-1, gjs-2:1.82.1-2, npm-11.0.0-1, axel-2.17.14-1, typescript-5.7.3-1, coreutils-9.6-2, wget-1.25.0-1, cliphist-1:0.6.1-1, bc-1.08.1-1, ripgrep-14.1.1-1, fuzzel-1.11.1-2, curl-8.11.1-3, jq-1.7.1-2, meson-1.6.1-1, rsync-3.4.1-1, xdg-user-dirs-0.18-2
warning: ripgrep-14.1.1-1 is up to date -- skipping
warning: curl-8.11.1-3 is up to date -- skipping
warning: coreutils-9.6-2 is up to date -- skipping
warning: rsync-3.4.1-1 is up to date -- skipping
warning: cmake-3.31.5-1 is up to date -- skipping
warning: gjs-2:1.82.1-2 is up to date -- skipping
warning: bc-1.08.1-1 is up to date -- skipping
warning: meson-1.6.1-1 is up to date -- skipping
warning: cliphist-1:0.6.1-1 is up to date -- skipping
warning: fuzzel-1.11.1-2 is up to date -- skipping
warning: npm-11.0.0-1 is up to date -- skipping
warning: jq-1.7.1-2 is up to date -- skipping
warning: axel-2.17.14-1 is up to date -- skipping
warning: wget-1.25.0-1 is up to date -- skipping
warning: xdg-user-dirs-0.18-2 is up to date -- skipping
warning: typescript-5.7.3-1 is up to date -- skipping
 there is nothing to do
[34m[./install.sh]: Command "[32myay -S --needed --noconfirm --asdeps axel bc coreutils cliphist cmake curl fuzzel rsync wget ripgrep jq npm meson typescript gjs xdg-user-dirs[34m" finished.[0m
==> Making package: illogical-impulse-basic 1.0-1 (Sun 26 Jan 2025 04:52:35 AM EET)
==> Checking runtime dependencies...
==> Checking buildtime dependencies...
==> Retrieving sources...
==> Extracting sources...
==> Entering fakeroot environment...
==> Tidying install...
  -> Removing libtool files...
  -> Purging unwanted files...
  -> Removing static library files...
  -> Stripping unneeded symbols from binaries and libraries...
  -> Compressing man and info pages...
==> Checking for packaging issues...
==> Creating package "illogical-impulse-basic"...
  -> Generating .PKGINFO file...
  -> Generating .BUILDINFO file...
  -> Generating .MTREE file...
  -> Compressing package...
==> Leaving fakeroot environment.
==> Finished making: illogical-impulse-basic 1.0-1 (Sun 26 Jan 2025 04:52:37 AM EET)
==> Installing package illogical-impulse-basic with pacman -U...
warning: illogical-impulse-basic-1.0-1 is up to date -- reinstalling
loading packages...
resolving dependencies...
looking for conflicting packages...

Package (1)              Old Version  New Version  Net Change

illogical-impulse-basic  1.0-1        1.0-1          0.00 MiB


:: Proceed with installation? [Y/n] 
checking keyring...
checking package integrity...
loading package files...
checking for file conflicts...
:: Processing package changes...
reinstalling illogical-impulse-basic...
:: Running post-transaction hooks...
(1/1) Checking which packages need to be rebuilt
[34m[./install.sh]: Command "[32mmakepkg -si --noconfirm[34m" finished.[0m
~/dots-hyprland
[34m[./install.sh]: Command "[32mpopd[34m" finished.[0m
[34m[./install.sh]: Command "[32minstall-local-pkgbuild ./arch-packages/illogical-impulse-basic --needed --noconfirm[34m" finished.[0m
####################################################
[34m[./install.sh]: Next command:[0m
[32minstall-local-pkgbuild ./arch-packages/illogical-impulse-fonts-themes --needed --noconfirm[0m
~/dots-hyprland/arch-packages/illogical-impulse-fonts-themes ~/dots-hyprland
[34m[./install.sh]: Command "[32mpushd ./arch-packages/illogical-impulse-fonts-themes[34m" finished.[0m
 -> adw-gtk-theme-git-5.6.r2.g24bd3ec-1 is up to date -- skipping
 -> ttf-readex-pro-1.204-2 is up to date -- skipping
 -> ttf-material-symbols-variable-git-4.0.0.r127.g72d8c1b7-1 is up to date -- skipping
 -> ttf-rubik-vf-2.3.0-3 is up to date -- skipping
 -> ttf-gabarito-git-v1.000.r8.g1f3fb39-1 is up to date -- skipping
Sync Dependency (8): foot-1.20.2-1, starship-1.22.1-1, qt5ct-1.8-2, qt5-wayland-5.15.16+kde+r59-3, fontconfig-2:2.16.0-2, ttf-jetbrains-mono-nerd-3.3.0-1, ttf-space-mono-nerd-3.3.0-1, fish-3.7.1-2
warning: fish-3.7.1-2 is up to date -- skipping
warning: foot-1.20.2-1 is up to date -- skipping
warning: starship-1.22.1-1 is up to date -- skipping
warning: qt5ct-1.8-2 is up to date -- skipping
warning: qt5-wayland-5.15.16+kde+r59-3 is up to date -- skipping
warning: fontconfig-2:2.16.0-2 is up to date -- skipping
warning: ttf-jetbrains-mono-nerd-3.3.0-1 is up to date -- skipping
warning: ttf-space-mono-nerd-3.3.0-1 is up to date -- skipping
 there is nothing to do
[34m[./install.sh]: Command "[32myay -S --needed --noconfirm --asdeps adw-gtk-theme-git qt5ct qt5-wayland fontconfig ttf-readex-pro ttf-jetbrains-mono-nerd ttf-material-symbols-variable-git ttf-space-mono-nerd ttf-rubik-vf ttf-gabarito-git fish foot starship[34m" finished.[0m
==> Making package: illogical-impulse-fonts-themes 1.0-1 (Sun 26 Jan 2025 04:52:42 AM EET)
==> Checking runtime dependencies...
==> Checking buildtime dependencies...
==> Retrieving sources...
==> Extracting sources...
==> Entering fakeroot environment...
==> Tidying install...
  -> Removing libtool files...
  -> Purging unwanted files...
  -> Removing static library files...
  -> Stripping unneeded symbols from binaries and libraries...
  -> Compressing man and info pages...
==> Checking for packaging issues...
==> Creating package "illogical-impulse-fonts-themes"...
  -> Generating .PKGINFO file...
  -> Generating .BUILDINFO file...
  -> Generating .MTREE file...
  -> Compressing package...
==> Leaving fakeroot environment.
==> Finished making: illogical-impulse-fonts-themes 1.0-1 (Sun 26 Jan 2025 04:52:44 AM EET)
==> Installing package illogical-impulse-fonts-themes with pacman -U...
warning: illogical-impulse-fonts-themes-1.0-1 is up to date -- reinstalling
loading packages...
resolving dependencies...
looking for conflicting packages...

Package (1)                     Old Version  New Version  Net Change

illogical-impulse-fonts-themes  1.0-1        1.0-1          0.00 MiB


:: Proceed with installation? [Y/n] 
checking keyring...
checking package integrity...
loading package files...
checking for file conflicts...
:: Processing package changes...
reinstalling illogical-impulse-fonts-themes...
:: Running post-transaction hooks...
(1/1) Checking which packages need to be rebuilt
[34m[./install.sh]: Command "[32mmakepkg -si --noconfirm[34m" finished.[0m
~/dots-hyprland
[34m[./install.sh]: Command "[32mpopd[34m" finished.[0m
[34m[./install.sh]: Command "[32minstall-local-pkgbuild ./arch-packages/illogical-impulse-fonts-themes --needed --noconfirm[34m" finished.[0m
####################################################
[34m[./install.sh]: Next command:[0m
[32minstall-local-pkgbuild ./arch-packages/illogical-impulse-gnome --needed --noconfirm[0m
~/dots-hyprland/arch-packages/illogical-impulse-gnome ~/dots-hyprland
[34m[./install.sh]: Command "[32mpushd ./arch-packages/illogical-impulse-gnome[34m" finished.[0m
Sync Dependency (7): networkmanager-1.50.2-1, gammastep-2.0.9-7, gnome-bluetooth-3.0-47.1-1, polkit-gnome-0.105-11, gnome-keyring-1:46.2-1, gnome-control-center-47.3-1, blueberry-1.4.8-2
warning: gnome-bluetooth-3.0-47.1-1 is up to date -- skipping
warning: polkit-gnome-0.105-11 is up to date -- skipping
warning: gnome-keyring-1:46.2-1 is up to date -- skipping
warning: gnome-control-center-47.3-1 is up to date -- skipping
warning: blueberry-1.4.8-2 is up to date -- skipping
warning: networkmanager-1.50.2-1 is up to date -- skipping
warning: gammastep-2.0.9-7 is up to date -- skipping
 there is nothing to do
[34m[./install.sh]: Command "[32myay -S --needed --noconfirm --asdeps polkit-gnome gnome-keyring gnome-control-center blueberry networkmanager gammastep gnome-bluetooth-3.0[34m" finished.[0m
==> Making package: illogical-impulse-gnome 1.0-1 (Sun 26 Jan 2025 04:52:48 AM EET)
==> Checking runtime dependencies...
==> Checking buildtime dependencies...
==> Retrieving sources...
==> Extracting sources...
==> Entering fakeroot environment...
==> Tidying install...
  -> Removing libtool files...
  -> Purging unwanted files...
  -> Removing static library files...
  -> Stripping unneeded symbols from binaries and libraries...
  -> Compressing man and info pages...
==> Checking for packaging issues...
==> Creating package "illogical-impulse-gnome"...
  -> Generating .PKGINFO file...
  -> Generating .BUILDINFO file...
  -> Generating .MTREE file...
  -> Compressing package...
==> Leaving fakeroot environment.
==> Finished making: illogical-impulse-gnome 1.0-1 (Sun 26 Jan 2025 04:52:50 AM EET)
==> Installing package illogical-impulse-gnome with pacman -U...
warning: illogical-impulse-gnome-1.0-1 is up to date -- reinstalling
loading packages...
resolving dependencies...
looking for conflicting packages...

Package (1)              Old Version  New Version  Net Change

illogical-impulse-gnome  1.0-1        1.0-1          0.00 MiB


:: Proceed with installation? [Y/n] 
checking keyring...
checking package integrity...
loading package files...
checking for file conflicts...
:: Processing package changes...
reinstalling illogical-impulse-gnome...
:: Running post-transaction hooks...
(1/1) Checking which packages need to be rebuilt
[34m[./install.sh]: Command "[32mmakepkg -si --noconfirm[34m" finished.[0m
~/dots-hyprland
[34m[./install.sh]: Command "[32mpopd[34m" finished.[0m
[34m[./install.sh]: Command "[32minstall-local-pkgbuild ./arch-packages/illogical-impulse-gnome --needed --noconfirm[34m" finished.[0m
####################################################
[34m[./install.sh]: Next command:[0m
[32minstall-local-pkgbuild ./arch-packages/illogical-impulse-gtk --needed --noconfirm[0m
~/dots-hyprland/arch-packages/illogical-impulse-gtk ~/dots-hyprland
[34m[./install.sh]: Command "[32mpushd ./arch-packages/illogical-impulse-gtk[34m" finished.[0m
Sync Dependency (9): gtk3-1:3.24.43-4, yad-14.1-2.1, xdg-user-dirs-gtk-0.14-1, webp-pixbuf-loader-0.2.7-1, upower-1.90.7-1, ydotool-1.0.4-2, gtk-layer-shell-0.9.0-1, gobject-introspection-1.82.0-2, gtksourceview3-1:3.24.11+r28+g73e57b57-2
warning: gtk3-1:3.24.43-4 is up to date -- skipping
warning: gtk-layer-shell-0.9.0-1 is up to date -- skipping
warning: upower-1.90.7-1 is up to date -- skipping
warning: yad-14.1-2.1 is up to date -- skipping
warning: ydotool-1.0.4-2 is up to date -- skipping
warning: gtksourceview3-1:3.24.11+r28+g73e57b57-2 is up to date -- skipping
warning: xdg-user-dirs-gtk-0.14-1 is up to date -- skipping
warning: gobject-introspection-1.82.0-2 is up to date -- skipping
warning: webp-pixbuf-loader-0.2.7-1 is up to date -- skipping
 there is nothing to do
[34m[./install.sh]: Command "[32myay -S --needed --noconfirm --asdeps webp-pixbuf-loader gtk-layer-shell gtk3 gtksourceview3 gobject-introspection upower yad ydotool xdg-user-dirs-gtk[34m" finished.[0m
==> Making package: illogical-impulse-gtk 1.0-1 (Sun 26 Jan 2025 04:52:55 AM EET)
==> Checking runtime dependencies...
==> Checking buildtime dependencies...
==> Retrieving sources...
==> Extracting sources...
==> Entering fakeroot environment...
==> Tidying install...
  -> Removing libtool files...
  -> Purging unwanted files...
  -> Removing static library files...
  -> Stripping unneeded symbols from binaries and libraries...
  -> Compressing man and info pages...
==> Checking for packaging issues...
==> Creating package "illogical-impulse-gtk"...
  -> Generating .PKGINFO file...
  -> Generating .BUILDINFO file...
  -> Generating .MTREE file...
  -> Compressing package...
==> Leaving fakeroot environment.
==> Finished making: illogical-impulse-gtk 1.0-1 (Sun 26 Jan 2025 04:52:57 AM EET)
==> Installing package illogical-impulse-gtk with pacman -U...
warning: illogical-impulse-gtk-1.0-1 is up to date -- reinstalling
loading packages...
resolving dependencies...
looking for conflicting packages...

Package (1)            Old Version  New Version  Net Change

illogical-impulse-gtk  1.0-1        1.0-1          0.00 MiB


:: Proceed with installation? [Y/n] 
checking keyring...
checking package integrity...
loading package files...
checking for file conflicts...
:: Processing package changes...
reinstalling illogical-impulse-gtk...
:: Running post-transaction hooks...
(1/1) Checking which packages need to be rebuilt
[34m[./install.sh]: Command "[32mmakepkg -si --noconfirm[34m" finished.[0m
~/dots-hyprland
[34m[./install.sh]: Command "[32mpopd[34m" finished.[0m
[34m[./install.sh]: Command "[32minstall-local-pkgbuild ./arch-packages/illogical-impulse-gtk --needed --noconfirm[34m" finished.[0m
####################################################
[34m[./install.sh]: Next command:[0m
[32minstall-local-pkgbuild ./arch-packages/illogical-impulse-portal --needed --noconfirm[0m
~/dots-hyprland/arch-packages/illogical-impulse-portal ~/dots-hyprland
[34m[./install.sh]: Command "[32mpushd ./arch-packages/illogical-impulse-portal[34m" finished.[0m
 -> xdg-desktop-portal-hyprland-git-1.3.9.r3.ge09dfe27-1 is up to date -- skipping
Sync Dependency (2): xdg-desktop-portal-1.18.4-2, xdg-desktop-portal-gtk-1.15.2-1
warning: xdg-desktop-portal-1.18.4-2 is up to date -- skipping
warning: xdg-desktop-portal-gtk-1.15.2-1 is up to date -- skipping
 there is nothing to do
[34m[./install.sh]: Command "[32myay -S --needed --noconfirm --asdeps xdg-desktop-portal xdg-desktop-portal-gtk xdg-desktop-portal-hyprland-git[34m" finished.[0m
==> Making package: illogical-impulse-portal 1.0-1 (Sun 26 Jan 2025 04:53:04 AM EET)
==> Checking runtime dependencies...
==> Checking buildtime dependencies...
==> Retrieving sources...
==> Extracting sources...
==> Entering fakeroot environment...
==> Tidying install...
  -> Removing libtool files...
  -> Purging unwanted files...
  -> Removing static library files...
  -> Stripping unneeded symbols from binaries and libraries...
  -> Compressing man and info pages...
==> Checking for packaging issues...
==> Creating package "illogical-impulse-portal"...
  -> Generating .PKGINFO file...
  -> Generating .BUILDINFO file...
  -> Generating .MTREE file...
  -> Compressing package...
==> Leaving fakeroot environment.
==> Finished making: illogical-impulse-portal 1.0-1 (Sun 26 Jan 2025 04:53:06 AM EET)
==> Installing package illogical-impulse-portal with pacman -U...
warning: illogical-impulse-portal-1.0-1 is up to date -- reinstalling
loading packages...
resolving dependencies...
looking for conflicting packages...

Package (1)               Old Version  New Version  Net Change

illogical-impulse-portal  1.0-1        1.0-1          0.00 MiB


:: Proceed with installation? [Y/n] 
checking keyring...
checking package integrity...
loading package files...
checking for file conflicts...
:: Processing package changes...
reinstalling illogical-impulse-portal...
:: Running post-transaction hooks...
(1/1) Checking which packages need to be rebuilt
[34m[./install.sh]: Command "[32mmakepkg -si --noconfirm[34m" finished.[0m
~/dots-hyprland
[34m[./install.sh]: Command "[32mpopd[34m" finished.[0m
[34m[./install.sh]: Command "[32minstall-local-pkgbuild ./arch-packages/illogical-impulse-portal --needed --noconfirm[34m" finished.[0m
####################################################
[34m[./install.sh]: Next command:[0m
[32minstall-local-pkgbuild ./arch-packages/illogical-impulse-python --needed --noconfirm[0m
~/dots-hyprland/arch-packages/illogical-impulse-python ~/dots-hyprland
[34m[./install.sh]: Command "[32mpushd ./arch-packages/illogical-impulse-python[34m" finished.[0m
Sync Dependency (5): python-setuptools-scm-8.1.0-3, python-wheel-0.45.0-3, python-build-1.2.2-3, python-pillow-11.0.0-3, python-pywal-3.3.0-10
warning: python-pillow-11.0.0-3 is up to date -- skipping
warning: python-pywal-3.3.0-10 is up to date -- skipping
warning: python-setuptools-scm-8.1.0-3 is up to date -- skipping
warning: python-wheel-0.45.0-3 is up to date -- skipping
warning: python-build-1.2.2-3 is up to date -- skipping
 there is nothing to do
[34m[./install.sh]: Command "[32myay -S --needed --noconfirm --asdeps python-build python-pillow python-pywal python-setuptools-scm python-wheel[34m" finished.[0m
==> Making package: illogical-impulse-python 1.0-1 (Sun 26 Jan 2025 04:53:15 AM EET)
==> Checking runtime dependencies...
==> Checking buildtime dependencies...
==> Retrieving sources...
==> Extracting sources...
==> Entering fakeroot environment...
==> Tidying install...
  -> Removing libtool files...
  -> Purging unwanted files...
  -> Removing static library files...
  -> Stripping unneeded symbols from binaries and libraries...
  -> Compressing man and info pages...
==> Checking for packaging issues...
==> Creating package "illogical-impulse-python"...
  -> Generating .PKGINFO file...
  -> Generating .BUILDINFO file...
  -> Generating .MTREE file...
  -> Compressing package...
==> Leaving fakeroot environment.
==> Finished making: illogical-impulse-python 1.0-1 (Sun 26 Jan 2025 04:53:17 AM EET)
==> Installing package illogical-impulse-python with pacman -U...
warning: illogical-impulse-python-1.0-1 is up to date -- reinstalling
loading packages...
resolving dependencies...
looking for conflicting packages...

Package (1)               Old Version  New Version  Net Change

illogical-impulse-python  1.0-1        1.0-1          0.00 MiB


:: Proceed with installation? [Y/n] 
checking keyring...
checking package integrity...
loading package files...
checking for file conflicts...
:: Processing package changes...
reinstalling illogical-impulse-python...
:: Running post-transaction hooks...
(1/1) Checking which packages need to be rebuilt
[34m[./install.sh]: Command "[32mmakepkg -si --noconfirm[34m" finished.[0m
~/dots-hyprland
[34m[./install.sh]: Command "[32mpopd[34m" finished.[0m
[34m[./install.sh]: Command "[32minstall-local-pkgbuild ./arch-packages/illogical-impulse-python --needed --noconfirm[34m" finished.[0m
####################################################
[34m[./install.sh]: Next command:[0m
[32minstall-local-pkgbuild ./arch-packages/illogical-impulse-screencapture --needed --noconfirm[0m
~/dots-hyprland/arch-packages/illogical-impulse-screencapture ~/dots-hyprland
[34m[./install.sh]: Command "[32mpushd ./arch-packages/illogical-impulse-screencapture[34m" finished.[0m
Sync Dependency (6): tesseract-data-eng-2:4.1.0-4, slurp-1.5.0-1, swappy-1.5.1-2, wf-recorder-0.5.0-2, grim-1.4.1-2, tesseract-5.5.0-1
warning: wf-recorder-0.5.0-2 is up to date -- skipping
warning: grim-1.4.1-2 is up to date -- skipping
warning: tesseract-5.5.0-1 is up to date -- skipping
warning: tesseract-data-eng-2:4.1.0-4 is up to date -- skipping
warning: slurp-1.5.0-1 is up to date -- skipping
warning: swappy-1.5.1-2 is up to date -- skipping
 there is nothing to do
[34m[./install.sh]: Command "[32myay -S --needed --noconfirm --asdeps swappy wf-recorder grim tesseract tesseract-data-eng slurp[34m" finished.[0m
==> Making package: illogical-impulse-screencapture 1.0-1 (Sun 26 Jan 2025 04:53:22 AM EET)
==> Checking runtime dependencies...
==> Checking buildtime dependencies...
==> Retrieving sources...
==> Extracting sources...
==> Entering fakeroot environment...
==> Tidying install...
  -> Removing libtool files...
  -> Purging unwanted files...
  -> Removing static library files...
  -> Stripping unneeded symbols from binaries and libraries...
  -> Compressing man and info pages...
==> Checking for packaging issues...
==> Creating package "illogical-impulse-screencapture"...
  -> Generating .PKGINFO file...
  -> Generating .BUILDINFO file...
  -> Generating .MTREE file...
  -> Compressing package...
==> Leaving fakeroot environment.
==> Finished making: illogical-impulse-screencapture 1.0-1 (Sun 26 Jan 2025 04:53:24 AM EET)
==> Installing package illogical-impulse-screencapture with pacman -U...
warning: illogical-impulse-screencapture-1.0-1 is up to date -- reinstalling
loading packages...
resolving dependencies...
looking for conflicting packages...

Package (1)                      Old Version  New Version  Net Change

illogical-impulse-screencapture  1.0-1        1.0-1          0.00 MiB


:: Proceed with installation? [Y/n] 
checking keyring...
checking package integrity...
loading package files...
checking for file conflicts...
:: Processing package changes...
reinstalling illogical-impulse-screencapture...
:: Running post-transaction hooks...
(1/1) Checking which packages need to be rebuilt
[34m[./install.sh]: Command "[32mmakepkg -si --noconfirm[34m" finished.[0m
~/dots-hyprland
[34m[./install.sh]: Command "[32mpopd[34m" finished.[0m
[34m[./install.sh]: Command "[32minstall-local-pkgbuild ./arch-packages/illogical-impulse-screencapture --needed --noconfirm[34m" finished.[0m
####################################################
[34m[./install.sh]: Next command:[0m
[32minstall-local-pkgbuild ./arch-packages/illogical-impulse-widgets --needed --noconfirm[0m
~/dots-hyprland/arch-packages/illogical-impulse-widgets ~/dots-hyprland
[34m[./install.sh]: Command "[32mpushd ./arch-packages/illogical-impulse-widgets[34m" finished.[0m
 -> hypridle-git-0.1.5.r3.g33ac8cae-1 is up to date -- skipping
 -> hyprutils-git-0.4.0.r2.gfb0c2d1d-1 is up to date -- skipping
 -> hyprlock-git-0.6.1.r18.g408ce95d-1 is up to date -- skipping
 -> wlogout-1.2.2-0 is up to date -- skipping
 -> hyprpicker-git-0.4.2.r1.c377732-1 is up to date -- skipping
 -> anyrun-git-r200.06017e7-1 is up to date -- skipping
Sync Dependency (4): python-psutil-6.1.1-1, wl-clipboard-1:2.2.1-2, dart-sass-1.82.0-1, python-pywayland-0.4.18-2
warning: dart-sass-1.82.0-1 is up to date -- skipping
warning: python-pywayland-0.4.18-2 is up to date -- skipping
warning: python-psutil-6.1.1-1 is up to date -- skipping
warning: wl-clipboard-1:2.2.1-2 is up to date -- skipping
 there is nothing to do
[34m[./install.sh]: Command "[32myay -S --needed --noconfirm --asdeps dart-sass python-pywayland python-psutil hypridle-git hyprutils-git hyprlock-git wlogout wl-clipboard hyprpicker-git anyrun-git[34m" finished.[0m
==> Making package: illogical-impulse-widgets 1.0-1 (Sun 26 Jan 2025 04:53:29 AM EET)
==> Checking runtime dependencies...
==> Checking buildtime dependencies...
==> Retrieving sources...
==> Extracting sources...
==> Entering fakeroot environment...
==> Tidying install...
  -> Removing libtool files...
  -> Purging unwanted files...
  -> Removing static library files...
  -> Stripping unneeded symbols from binaries and libraries...
  -> Compressing man and info pages...
==> Checking for packaging issues...
==> Creating package "illogical-impulse-widgets"...
  -> Generating .PKGINFO file...
  -> Generating .BUILDINFO file...
  -> Generating .MTREE file...
  -> Compressing package...
==> Leaving fakeroot environment.
==> Finished making: illogical-impulse-widgets 1.0-1 (Sun 26 Jan 2025 04:53:31 AM EET)
==> Installing package illogical-impulse-widgets with pacman -U...
warning: illogical-impulse-widgets-1.0-1 is up to date -- reinstalling
loading packages...
resolving dependencies...
looking for conflicting packages...

Package (1)                Old Version  New Version  Net Change

illogical-impulse-widgets  1.0-1        1.0-1          0.00 MiB


:: Proceed with installation? [Y/n] 
checking keyring...
checking package integrity...
loading package files...
checking for file conflicts...
:: Processing package changes...
reinstalling illogical-impulse-widgets...
:: Running post-transaction hooks...
(1/1) Checking which packages need to be rebuilt
[34m[./install.sh]: Command "[32mmakepkg -si --noconfirm[34m" finished.[0m
~/dots-hyprland
[34m[./install.sh]: Command "[32mpopd[34m" finished.[0m
[34m[./install.sh]: Command "[32minstall-local-pkgbuild ./arch-packages/illogical-impulse-widgets --needed --noconfirm[34m" finished.[0m
####################################################
[34m[./install.sh]: Next command:[0m
[32minstall-local-pkgbuild ./arch-packages/illogical-impulse-ags --needed --noconfirm[0m
~/dots-hyprland/arch-packages/illogical-impulse-ags ~/dots-hyprland
[34m[./install.sh]: Command "[32mpushd ./arch-packages/illogical-impulse-ags[34m" finished.[0m
Sync Dependency (8): glib2-devel-2.82.4-2, glibc-2.40+r66+g7d4b6bcae91f-1, gtk3-1:3.24.43-4, gtk-layer-shell-0.9.0-1, libpulse-17.0+r43+g3e2bb8a1e-1, pam-1.7.0-1, gjs-2:1.82.1-2, glib2-2.82.4-2
warning: libpulse-17.0+r43+g3e2bb8a1e-1 is up to date -- skipping
warning: pam-1.7.0-1 is up to date -- skipping
warning: gjs-2:1.82.1-2 is up to date -- skipping
warning: glib2-2.82.4-2 is up to date -- skipping
warning: glib2-devel-2.82.4-2 is up to date -- skipping
warning: glibc-2.40+r66+g7d4b6bcae91f-1 is up to date -- skipping
warning: gtk3-1:3.24.43-4 is up to date -- skipping
warning: gtk-layer-shell-0.9.0-1 is up to date -- skipping
 there is nothing to do
[34m[./install.sh]: Command "[32myay -S --needed --noconfirm --asdeps gjs glib2 glib2-devel glibc gtk3 gtk-layer-shell libpulse pam[34m" finished.[0m
==> Making package: illogical-impulse-ags r525.05e0f23-1 (Sun 26 Jan 2025 04:53:36 AM EET)
==> Checking runtime dependencies...
==> Checking buildtime dependencies...
==> Retrieving sources...
  -> Cloning ags git repo...
Cloning into bare repository '/home/pharmaracist/dots-hyprland/arch-packages/illogical-impulse-ags/ags'...
  -> Cloning libgnome-volume-control git repo...
Cloning into bare repository '/home/pharmaracist/dots-hyprland/arch-packages/illogical-impulse-ags/libgnome-volume-control'...
warning: redirecting to https://gitlab.gnome.org/GNOME/libgnome-volume-control.git/
==> Validating source files with sha256sums...
    ags ... Skipped
    libgnome-volume-control ... Skipped
==> Extracting sources...
  -> Creating working copy of ags git repo...
Cloning into 'ags'...
done.
Switched to a new branch 'makepkg'
  -> Creating working copy of libgnome-volume-control git repo...
Cloning into 'libgnome-volume-control'...
done.
==> Starting prepare()...
Submodule 'subprojects/gvc' (https://gitlab.gnome.org/GNOME/libgnome-volume-control) registered for path 'subprojects/gvc'
Cloning into '/home/pharmaracist/dots-hyprland/arch-packages/illogical-impulse-ags/src/ags/subprojects/gvc'...
done.
Submodule path 'subprojects/gvc': checked out '8e7a5a4c3e51007ce6579292642517e3d3eb9c50'
==> Starting pkgver()...
==> Starting build()...

added 166 packages, and audited 167 packages in 2s

33 packages are looking for funding
  run `npm fund` for details

3 vulnerabilities (1 moderate, 2 high)

To address all issues, run:
  npm audit fix

Run `npm audit` for details.
+ exec meson setup --prefix /usr --libexecdir lib --sbindir bin --buildtype plain --auto-features enabled --wrap-mode nodownload -D b_pie=true -D python.bytecompile=1 build --libdir lib/ags -Dbuild_types=true
The Meson build system
Version: 1.6.1
Source dir: /home/pharmaracist/dots-hyprland/arch-packages/illogical-impulse-ags/src/ags
Build dir: /home/pharmaracist/dots-hyprland/arch-packages/illogical-impulse-ags/src/ags/build
Build type: native build
WARNING: You should add the boolean check kwarg to the run_command call.
         It currently defaults to false,
         but it will default to true in meson 2.0.
         See also: https://github.com/mesonbuild/meson/issues/9300
Project name: ags
Project version: 1.8.2
C compiler for the host machine: cc (gcc 14.2.1 "cc (GCC) 14.2.1 20240910")
C linker for the host machine: cc ld.bfd 2.43.1
Host machine cpu family: x86_64
Host machine cpu: x86_64
Found pkg-config: YES (/usr/bin/pkg-config) 2.3.0
Run-time dependency glib-2.0 found: YES 2.82.4
Run-time dependency gobject-introspection-1.0 found: YES 1.82.0
Run-time dependency gio-2.0 found: YES 2.82.4
Run-time dependency gjs-1.0 found: YES 1.82.1
Run-time dependency gtk+-3.0 found: YES 3.24.43

Executing subproject gvc 

gvc| Project name: gvc
gvc| Project version: undefined
gvc| C compiler for the host machine: cc (gcc 14.2.1 "cc (GCC) 14.2.1 20240910")
gvc| C linker for the host machine: cc ld.bfd 2.43.1
gvc| Dependency glib-2.0 found: YES 2.82.4 (cached)
gvc| Program /usr/bin/glib-mkenums found: YES (/usr/bin/glib-mkenums)
gvc| Dependency glib-2.0 found: YES 2.82.4 (cached)
gvc| Program /usr/bin/glib-mkenums found: YES (/usr/bin/glib-mkenums)
gvc| Dependency gio-2.0 found: YES 2.82.4 (cached)
gvc| Run-time dependency gobject-2.0 found: YES 2.82.4
gvc| Run-time dependency libpulse found: YES 17.0-43-g3e2bb
gvc| Run-time dependency libpulse-mainloop-glib found: YES 17.0-43-g3e2bb
gvc| Dependency gobject-introspection-1.0 found: YES 1.82.0 (cached)
gvc| Dependency gobject-introspection-1.0 found: YES 1.82.0 (cached)
gvc| Program /usr/bin/g-ir-scanner found: YES (/usr/bin/g-ir-scanner)
gvc| Dependency gobject-introspection-1.0 found: YES 1.82.0 (cached)
gvc| Program /usr/bin/g-ir-compiler found: YES (/usr/bin/g-ir-compiler)
gvc| Configuring config.h using configuration
gvc| Build targets in project: 5
gvc| Subproject gvc finished.


Executing subproject gutils 

gutils| Project name: pam
gutils| Project version: undefined
gutils| C compiler for the host machine: cc (gcc 14.2.1 "cc (GCC) 14.2.1 20240910")
gutils| C linker for the host machine: cc ld.bfd 2.43.1
gutils| Dependency gobject-2.0 found: YES 2.82.4 (cached)
gutils| Dependency gio-2.0 found: YES 2.82.4 (cached)
gutils| Run-time dependency pam found: YES 1.7.0
gutils| Build targets in project: 8
gutils| Subproject gutils finished.

Program tsc found: YES (/usr/bin/tsc)
Program gjs found: YES (/usr/bin/gjs)
Configuring com.github.Aylur.ags using configuration
Dependency gio-2.0 found: YES 2.82.4 (cached)
Program /usr/bin/glib-compile-resources found: YES (/usr/bin/glib-compile-resources)
Build targets in project: 10

ags 1.8.2

  Subprojects
    gutils            : YES
    gvc               : YES

  User defined options
    auto_features     : enabled
    b_pie             : true
    build_types       : true
    buildtype         : plain
    libdir            : lib/ags
    libexecdir        : lib
    prefix            : /usr
    python.bytecompile: 1
    sbindir           : bin
    wrap_mode         : nodownload

Found ninja-1.12.1 at /usr/bin/ninja
Generating targets:   0%|          | 0/10 eta ?                                               Writing build.ninja:   0%|          | 0/50 eta ?                                                ninja: Entering directory `/home/pharmaracist/dots-hyprland/arch-packages/illogical-impulse-ags/src/ags/build'
[1/22] Generating GObject enum file subprojects/gvc/gvc-enum-types.h (wrapped by meson because command contains newlines, to capture output)
[2/22] Generating GObject enum file subprojects/gvc/gvc-enum-types.c (wrapped by meson because command contains newlines, to capture output)
[3/22] Compiling C object subprojects/gvc/libgvc.so.p/meson-generated_.._gvc-enum-types.c.o
[4/22] Compiling C object subprojects/gutils/libgutils.so.p/pam.c.o
../subprojects/gutils/pam.c: In function ‘auth_thread’:
../subprojects/gutils/pam.c:50:34: warning: unused parameter ‘object’ [-Wunused-parameter]
   50 |                   gpointer       object,
      |                   ~~~~~~~~~~~~~~~^~~~~~
../subprojects/gutils/pam.c:52:34: warning: unused parameter ‘cancellable’ [-Wunused-parameter]
   52 |                   GCancellable  *cancellable) {
      |                   ~~~~~~~~~~~~~~~^~~~~~~~~~~
[5/22] Compiling C object subprojects/gvc/libgvc.so.p/gvc-mixer-sink-input.c.o
[6/22] Compiling C object subprojects/gvc/libgvc.so.p/gvc-mixer-source-output.c.o
[7/22] Compiling C object subprojects/gvc/libgvc.so.p/gvc-mixer-event-role.c.o
[8/22] Compiling C object subprojects/gvc/libgvc.so.p/gvc-mixer-sink.c.o
[9/22] Compiling C object subprojects/gvc/libgvc.so.p/gvc-mixer-source.c.o
[10/22] Compiling C object subprojects/gvc/libgvc.so.p/gvc-channel-map.c.o
[11/22] Linking target subprojects/gutils/libgutils.so
[12/22] Compiling C object subprojects/gvc/libgvc.so.p/gvc-mixer-ui-device.c.o
[13/22] Compiling C object subprojects/gvc/libgvc.so.p/gvc-mixer-card.c.o
../subprojects/gvc/gvc-mixer-card.c: In function ‘_pa_context_set_card_profile_by_index_cb’:
../subprojects/gvc/gvc-mixer-card.c:200:77: warning: unused parameter ‘context’ [-Wunused-parameter]
  200 | _pa_context_set_card_profile_by_index_cb (pa_context                       *context,
      |                                           ~~~~~~~~~~~~~~~~~~~~~~~~~~~~~~~~~~^~~~~~~
[14/22] Compiling C object subprojects/gvc/libgvc.so.p/gvc-mixer-stream.c.o
../subprojects/gvc/gvc-mixer-stream.c: In function ‘on_channel_map_volume_changed’:
../subprojects/gvc/gvc-mixer-stream.c:370:48: warning: unused parameter ‘channel_map’ [-Wunused-parameter]
  370 | on_channel_map_volume_changed (GvcChannelMap  *channel_map,
      |                                ~~~~~~~~~~~~~~~~^~~~~~~~~~~
../subprojects/gvc/gvc-mixer-stream.c: In function ‘gvc_mixer_stream_real_change_port’:
../subprojects/gvc/gvc-mixer-stream.c:817:52: warning: unused parameter ‘stream’ [-Wunused-parameter]
  817 | gvc_mixer_stream_real_change_port (GvcMixerStream *stream,
      |                                    ~~~~~~~~~~~~~~~~^~~~~~
../subprojects/gvc/gvc-mixer-stream.c:818:52: warning: unused parameter ‘port’ [-Wunused-parameter]
  818 |                                    const char     *port)
      |                                    ~~~~~~~~~~~~~~~~^~~~
../subprojects/gvc/gvc-mixer-stream.c: In function ‘gvc_mixer_stream_real_push_volume’:
../subprojects/gvc/gvc-mixer-stream.c:824:52: warning: unused parameter ‘stream’ [-Wunused-parameter]
  824 | gvc_mixer_stream_real_push_volume (GvcMixerStream *stream, gpointer *op)
      |                                    ~~~~~~~~~~~~~~~~^~~~~~
../subprojects/gvc/gvc-mixer-stream.c:824:70: warning: unused parameter ‘op’ [-Wunused-parameter]
  824 | gvc_mixer_stream_real_push_volume (GvcMixerStream *stream, gpointer *op)
      |                                                            ~~~~~~~~~~^~
../subprojects/gvc/gvc-mixer-stream.c: In function ‘gvc_mixer_stream_real_change_is_muted’:
../subprojects/gvc/gvc-mixer-stream.c:830:56: warning: unused parameter ‘stream’ [-Wunused-parameter]
  830 | gvc_mixer_stream_real_change_is_muted (GvcMixerStream *stream,
      |                                        ~~~~~~~~~~~~~~~~^~~~~~
../subprojects/gvc/gvc-mixer-stream.c:831:56: warning: unused parameter ‘is_muted’ [-Wunused-parameter]
  831 |                                        gboolean        is_muted)
      |                                        ~~~~~~~~~~~~~~~~^~~~~~~~
[15/22] Compiling C object subprojects/gvc/libgvc.so.p/gvc-mixer-control.c.o
../subprojects/gvc/gvc-mixer-control.c: In function ‘gvc_mixer_control_stream_restore_cb’:
../subprojects/gvc/gvc-mixer-control.c:170:50: warning: unused parameter ‘c’ [-Wunused-parameter]
  170 | gvc_mixer_control_stream_restore_cb (pa_context *c,
      |                                      ~~~~~~~~~~~~^
../subprojects/gvc/gvc-mixer-control.c: In function ‘listify_hash_values_hfunc’:
../subprojects/gvc/gvc-mixer-control.c:738:37: warning: unused parameter ‘key’ [-Wunused-parameter]
  738 | listify_hash_values_hfunc (gpointer key,
      |                            ~~~~~~~~~^~~
../subprojects/gvc/gvc-mixer-control.c: In function ‘on_default_source_port_notify’:
../subprojects/gvc/gvc-mixer-control.c:936:48: warning: unused parameter ‘pspec’ [-Wunused-parameter]
  936 |                                GParamSpec     *pspec,
      |                                ~~~~~~~~~~~~~~~~^~~~~
../subprojects/gvc/gvc-mixer-control.c: In function ‘on_default_sink_port_notify’:
../subprojects/gvc/gvc-mixer-control.c:1008:46: warning: unused parameter ‘pspec’ [-Wunused-parameter]
 1008 |                              GParamSpec     *pspec,
      |                              ~~~~~~~~~~~~~~~~^~~~~
../subprojects/gvc/gvc-mixer-control.c: In function ‘_stream_has_name’:
../subprojects/gvc/gvc-mixer-control.c:1085:35: warning: unused parameter ‘key’ [-Wunused-parameter]
 1085 | _stream_has_name (gpointer        key,
      |                   ~~~~~~~~~~~~~~~~^~~
../subprojects/gvc/gvc-mixer-control.c: In function ‘match_stream_with_devices’:
../subprojects/gvc/gvc-mixer-control.c:1254:46: warning: comparison of integer expressions of different signedness: ‘gint’ {aka ‘int’} and ‘guint’ {aka ‘unsigned int’} [-Wsign-compare]
 1254 |                         if (device_stream_id == stream_id) {
      |                                              ^~
../subprojects/gvc/gvc-mixer-control.c: In function ‘free_priv_port_names’:
../subprojects/gvc/gvc-mixer-control.c:2243:43: warning: unused parameter ‘control’ [-Wunused-parameter]
 2243 | free_priv_port_names (GvcMixerControl    *control)
      |                       ~~~~~~~~~~~~~~~~~~~~^~~~~~~
../subprojects/gvc/gvc-mixer-control.c: In function ‘gvc_mixer_control_set_headset_port’:
../subprojects/gvc/gvc-mixer-control.c:2256:59: warning: unused parameter ‘id’ [-Wunused-parameter]
 2256 |                                     guint                 id,
      |                                     ~~~~~~~~~~~~~~~~~~~~~~^~
../subprojects/gvc/gvc-mixer-control.c:2257:59: warning: unused parameter ‘choice’ [-Wunused-parameter]
 2257 |                                     GvcHeadsetPortChoice  choice)
      |                                     ~~~~~~~~~~~~~~~~~~~~~~^~~~~~
../subprojects/gvc/gvc-mixer-control.c: In function ‘_pa_context_get_server_info_cb’:
../subprojects/gvc/gvc-mixer-control.c:2813:55: warning: unused parameter ‘context’ [-Wunused-parameter]
 2813 | _pa_context_get_server_info_cb (pa_context           *context,
      |                                 ~~~~~~~~~~~~~~~~~~~~~~^~~~~~~
../subprojects/gvc/gvc-mixer-control.c: In function ‘remove_event_role_stream’:
../subprojects/gvc/gvc-mixer-control.c:2829:44: warning: unused parameter ‘control’ [-Wunused-parameter]
 2829 | remove_event_role_stream (GvcMixerControl *control)
      |                           ~~~~~~~~~~~~~~~~~^~~~~~~
../subprojects/gvc/gvc-mixer-control.c: In function ‘req_update_server_info’:
../subprojects/gvc/gvc-mixer-control.c:2940:42: warning: unused parameter ‘index’ [-Wunused-parameter]
 2940 |                         int              index)
      |                         ~~~~~~~~~~~~~~~~~^~~~~
../subprojects/gvc/gvc-mixer-control.c: In function ‘_pa_context_subscribe_cb’:
../subprojects/gvc/gvc-mixer-control.c:3280:56: warning: unused parameter ‘context’ [-Wunused-parameter]
 3280 | _pa_context_subscribe_cb (pa_context                  *context,
      |                           ~~~~~~~~~~~~~~~~~~~~~~~~~~~~~^~~~~~~
[16/22] Generating subprojects/gutils/GUtils-1.0.gir with a custom command (wrapped by meson to set env)
[17/22] Linking target subprojects/gvc/libgvc.so
[18/22] Generating subprojects/gutils/GUtils-1.0.typelib with a custom command
[19/22] Generating subprojects/gvc/Gvc-1.0.gir with a custom command (wrapped by meson to set env)
[20/22] Generating subprojects/gvc/Gvc-1.0.typelib with a custom command
[21/22] Generating src/typescript-compile with a custom command
[22/22] Generating src/com.github.Aylur.ags.src_gresource with a custom command
INFO: autodetecting backend as ninja
INFO: calculating backend command to run: /usr/bin/ninja -C /home/pharmaracist/dots-hyprland/arch-packages/illogical-impulse-ags/src/ags/build
==> Entering fakeroot environment...
==> Starting package()...
ninja: Entering directory `/home/pharmaracist/dots-hyprland/arch-packages/illogical-impulse-ags/src/ags/build'
[1/2] Generating src/typescript-compile with a custom command
Installing subprojects/gvc/libgvc.so to /home/pharmaracist/dots-hyprland/arch-packages/illogical-impulse-ags/pkg/illogical-impulse-ags/usr/lib/ags
Installing subprojects/gvc/Gvc-1.0.gir to /home/pharmaracist/dots-hyprland/arch-packages/illogical-impulse-ags/pkg/illogical-impulse-ags/usr/share/com.github.Aylur.ags
Installing subprojects/gvc/Gvc-1.0.typelib to /home/pharmaracist/dots-hyprland/arch-packages/illogical-impulse-ags/pkg/illogical-impulse-ags/usr/lib/ags
Installing subprojects/gutils/libgutils.so to /home/pharmaracist/dots-hyprland/arch-packages/illogical-impulse-ags/pkg/illogical-impulse-ags/usr/lib/ags
Installing subprojects/gutils/GUtils-1.0.gir to /home/pharmaracist/dots-hyprland/arch-packages/illogical-impulse-ags/pkg/illogical-impulse-ags/usr/share/com.github.Aylur.ags
Installing subprojects/gutils/GUtils-1.0.typelib to /home/pharmaracist/dots-hyprland/arch-packages/illogical-impulse-ags/pkg/illogical-impulse-ags/usr/lib/ags
Installing src/com.github.Aylur.ags.src.gresource to /home/pharmaracist/dots-hyprland/arch-packages/illogical-impulse-ags/pkg/illogical-impulse-ags/usr/share/com.github.Aylur.ags
Installing /home/pharmaracist/dots-hyprland/arch-packages/illogical-impulse-ags/src/ags/subprojects/gutils/ags to /home/pharmaracist/dots-hyprland/arch-packages/illogical-impulse-ags/pkg/illogical-impulse-ags/etc/pam.d
Installing /home/pharmaracist/dots-hyprland/arch-packages/illogical-impulse-ags/src/ags/build/src/com.github.Aylur.ags to /home/pharmaracist/dots-hyprland/arch-packages/illogical-impulse-ags/pkg/illogical-impulse-ags/usr/share/com.github.Aylur.ags
Running custom install script '/usr/bin/env bash /home/pharmaracist/dots-hyprland/arch-packages/illogical-impulse-ags/src/ags/post_install.sh /usr/share /usr/share/com.github.Aylur.ags /usr/bin com.github.Aylur.ags true /home/pharmaracist/dots-hyprland/arch-packages/illogical-impulse-ags/src/ags'
==> Tidying install...
  -> Removing libtool files...
  -> Purging unwanted files...
  -> Removing static library files...
  -> Stripping unneeded symbols from binaries and libraries...
  -> Compressing man and info pages...
==> Checking for packaging issues...
==> Creating package "illogical-impulse-ags"...
  -> Generating .PKGINFO file...
  -> Generating .BUILDINFO file...
  -> Generating .MTREE file...
  -> Compressing package...
==> Leaving fakeroot environment.
==> Finished making: illogical-impulse-ags r525.05e0f23-1 (Sun 26 Jan 2025 04:54:27 AM EET)
==> Installing package illogical-impulse-ags with pacman -U...
warning: illogical-impulse-ags-r525.05e0f23-1 is up to date -- reinstalling
loading packages...
resolving dependencies...
looking for conflicting packages...

Package (1)            Old Version     New Version     Net Change

illogical-impulse-ags  r525.05e0f23-1  r525.05e0f23-1    0.00 MiB

Total Installed Size:  59.25 MiB
Net Upgrade Size:       0.00 MiB

:: Proceed with installation? [Y/n] 
checking keyring...
checking package integrity...
loading package files...
checking for file conflicts...
:: Processing package changes...
reinstalling illogical-impulse-ags...
:: Running post-transaction hooks...
(1/2) Arming ConditionNeedsUpdate...
(2/2) Checking which packages need to be rebuilt
[34m[./install.sh]: Command "[32mmakepkg -si --noconfirm[34m" finished.[0m
~/dots-hyprland
[34m[./install.sh]: Command "[32mpopd[34m" finished.[0m
[34m[./install.sh]: Command "[32minstall-local-pkgbuild ./arch-packages/illogical-impulse-ags --needed --noconfirm[34m" finished.[0m
####################################################
[34m[./install.sh]: Next command:[0m
[32minstall-local-pkgbuild ./arch-packages/illogical-impulse-microtex-git --needed --noconfirm[0m
~/dots-hyprland/arch-packages/illogical-impulse-microtex-git ~/dots-hyprland
[34m[./install.sh]: Command "[32mpushd ./arch-packages/illogical-impulse-microtex-git[34m" finished.[0m
Sync Dependency (4): cairomm-1.14.5-1, tinyxml2-10.0.0-1, gtkmm3-3.24.9-1, gtksourceviewmm-1:3.91.1-1
warning: gtksourceviewmm-1:3.91.1-1 is up to date -- skipping
warning: cairomm-1.14.5-1 is up to date -- skipping
warning: tinyxml2-10.0.0-1 is up to date -- skipping
warning: gtkmm3-3.24.9-1 is up to date -- skipping
 there is nothing to do
[34m[./install.sh]: Command "[32myay -S --needed --noconfirm --asdeps tinyxml2 gtkmm3 gtksourceviewmm cairomm[34m" finished.[0m
==> Making package: illogical-impulse-microtex-git r492.d87ebec-1 (Sun 26 Jan 2025 04:54:51 AM EET)
==> Checking runtime dependencies...
==> Checking buildtime dependencies...
==> Retrieving sources...
  -> Cloning MicroTeX git repo...
Cloning into bare repository '/home/pharmaracist/dots-hyprland/arch-packages/illogical-impulse-microtex-git/MicroTeX'...
==> Validating source files with sha256sums...
    MicroTeX ... Skipped
==> Extracting sources...
  -> Creating working copy of MicroTeX git repo...
Cloning into 'MicroTeX'...
done.
==> Starting pkgver()...
==> Updated version: illogical-impulse-microtex-git r494.0e3707f-1
==> Starting build()...
-- The C compiler identification is GNU 14.2.1
-- The CXX compiler identification is GNU 14.2.1
-- Detecting C compiler ABI info
-- Detecting C compiler ABI info - done
-- Check for working C compiler: /usr/bin/cc - skipped
-- Detecting C compile features
-- Detecting C compile features - done
-- Detecting CXX compiler ABI info
-- Detecting CXX compiler ABI info - done
-- Check for working CXX compiler: /usr/bin/c++ - skipped
-- Detecting CXX compile features
-- Detecting CXX compile features - done
-- Performing Test COMPILER_SUPPORTS_CXX11
-- Performing Test COMPILER_SUPPORTS_CXX11 - Success
-- Performing Test COMPILER_SUPPORTS_CXX17
-- Performing Test COMPILER_SUPPORTS_CXX17 - Success
-- Performing Test COMPILER_SUPPORTS_CXX20
-- Performing Test COMPILER_SUPPORTS_CXX20 - Success
-- Found PkgConfig: /usr/bin/pkg-config (found version "2.3.0")
-- Checking for module 'tinyxml2'
--   Found tinyxml2, version 10.0.0
-- We are working with GTK on a Unix like OS
-- Found Fontconfig: /usr/lib/libfontconfig.so (found version "2.16.0")
-- Checking for module 'gtkmm-3.0'
--   Found gtkmm-3.0, version 3.24.9
-- Checking for module 'gtksourceviewmm-3.0'
--   Package 'gtksourceviewmm-3.0' not found
CMake Error at /usr/share/cmake/Modules/FindPkgConfig.cmake:645 (message):
  The following required packages were not found:

   - gtksourceviewmm-3.0

Call Stack (most recent call first):
  /usr/share/cmake/Modules/FindPkgConfig.cmake:873 (_pkg_check_modules_internal)
  CMakeLists.txt:215 (pkg_check_modules)


-- Configuring incomplete, errors occurred!
==> ERROR: A failure occurred in build().
    Aborting...
[31m[./install.sh]: Command "[32mmakepkg -si --noconfirm[31m" has failed.
You may need to resolve the problem manually BEFORE repeating this command.
[Tip] If a certain package is failing to install, try installing it separately in another terminal.
[Tip] If a package is conflicting with its -git version, in another terminal, install the -git one.[0m
  r = Repeat this command (DEFAULT)
  e = Exit now
  i = Ignore this error and continue (your setup might not work correctly)
 [R/e/i]: [34mAlright, ignore and continue...[0m
[31m[./install.sh]: Command "[32mmakepkg -si --noconfirm[31m" has failed but ignored by user.[0m
~/dots-hyprland
[34m[./install.sh]: Command "[32mpopd[34m" finished.[0m
[34m[./install.sh]: Command "[32minstall-local-pkgbuild ./arch-packages/illogical-impulse-microtex-git --needed --noconfirm[34m" finished.[0m
####################################################
[34m[./install.sh]: Next command:[0m
[32minstall-local-pkgbuild ./arch-packages/illogical-impulse-pymyc-aur  --noconfirm[0m
~/dots-hyprland/arch-packages/illogical-impulse-pymyc-aur ~/dots-hyprland
[34m[./install.sh]: Command "[32mpushd ./arch-packages/illogical-impulse-pymyc-aur[34m" finished.[0m
AUR Dependency (3): gradience-0.4.1_patch1-2, python-materialyoucolor-git-2.0.8.r1.g9780c78-3, python-material-color-utilities-0.1.5-1
Sync Dependency (1): python-libsass-0.23.0-5
:: [1mPKGBUILD up to date, skipping download: python-materialyoucolor-git[0m
:: [1mPKGBUILD up to date, skipping download: gradience[0m
:: [1mPKGBUILD up to date, skipping download: python-material-color-utilities[0m
  3 python-materialyoucolor-git              (Installed) (Build Files Exist)
  2 gradience                                (Installed) (Build Files Exist)
  1 python-material-color-utilities          (Installed) (Build Files Exist)
==> Packages to cleanBuild?
==> [N]one [A]ll [Ab]ort [I]nstalled [No]tInstalled or (1 2 3, 1-3, ^4)
==> 
  3 python-materialyoucolor-git              (Installed) (Build Files Exist)
  2 gradience                                (Installed) (Build Files Exist)
  1 python-material-color-utilities          (Installed) (Build Files Exist)
==> Diffs to show?
==> [N]one [A]ll [Ab]ort [I]nstalled [No]tInstalled or (1 2 3, 1-3, ^4)
==> 
==> Making package: python-materialyoucolor-git 2.0.8.r1.g9780c78-3 (Sun 26 Jan 2025 04:55:03 AM EET)
==> Retrieving sources...
  -> Updating materialyoucolor-python git repo...
==> WARNING: Skipping verification of source file PGP signatures.
==> Validating source files with sha256sums...
    materialyoucolor-python ... Skipped
==> Making package: gradience 0.4.1_patch1-2 (Sun 26 Jan 2025 04:55:04 AM EET)
==> Retrieving sources...
  -> Found 0.4.1-patch1.tar.gz
==> WARNING: Skipping verification of source file PGP signatures.
==> Validating source files with sha512sums...
    0.4.1-patch1.tar.gz ... Passed
==> Making package: python-material-color-utilities 0.1.5-1 (Sun 26 Jan 2025 04:55:06 AM EET)
==> Retrieving sources...
  -> Found material-color-utilities-python-0.1.5.tar.gz
==> WARNING: Skipping verification of source file PGP signatures.
==> Validating source files with b2sums...
    material-color-utilities-python-0.1.5.tar.gz ... Passed
:: [1m(1/3) Parsing SRCINFO: python-materialyoucolor-git[0m
:: [1m(2/3) Parsing SRCINFO: gradience[0m
:: [1m(3/3) Parsing SRCINFO: python-material-color-utilities[0m
==> Making package: python-material-color-utilities 0.1.5-1 (Sun 26 Jan 2025 04:55:07 AM EET)
==> Checking runtime dependencies...
==> Checking buildtime dependencies...
==> Retrieving sources...
  -> Found material-color-utilities-python-0.1.5.tar.gz
==> Validating source files with b2sums...
    material-color-utilities-python-0.1.5.tar.gz ... Passed
==> Removing existing $srcdir/ directory...
==> Extracting sources...
  -> Extracting material-color-utilities-python-0.1.5.tar.gz with bsdtar
==> Sources are ready.
 -> python-material-color-utilities-0.1.5-1 already made -- skipping build
==> Making package: python-material-color-utilities 0.1.5-1 (Sun 26 Jan 2025 04:55:10 AM EET)
==> Checking runtime dependencies...
==> Checking buildtime dependencies...
==> WARNING: Using existing $srcdir/ tree
==> Sources are ready.
warning: python-material-color-utilities-0.1.5-1 is up to date -- reinstalling
loading packages...
resolving dependencies...
looking for conflicting packages...

Package (1)                      Old Version  New Version  Net Change

python-material-color-utilities  0.1.5-1      0.1.5-1        0.00 MiB

Total Installed Size:  0.27 MiB
Net Upgrade Size:      0.00 MiB

:: Proceed with installation? [Y/n] 
checking keyring...
checking package integrity...
loading package files...
checking for file conflicts...
:: Processing package changes...
reinstalling python-material-color-utilities...
:: Running post-transaction hooks...
(1/2) Arming ConditionNeedsUpdate...
(2/2) Checking which packages need to be rebuilt
warning: python-libsass-0.23.0-5 is up to date -- reinstalling
resolving dependencies...
looking for conflicting packages...

Package (1)           Old Version  New Version  Net Change

extra/python-libsass  0.23.0-5     0.23.0-5       0.00 MiB

Total Installed Size:  0.44 MiB
Net Upgrade Size:      0.00 MiB

:: Proceed with installation? [Y/n] 
checking keyring...
checking package integrity...
loading package files...
checking for file conflicts...
:: Processing package changes...
reinstalling python-libsass...
:: Running post-transaction hooks...
(1/2) Arming ConditionNeedsUpdate...
(2/2) Checking which packages need to be rebuilt
==> Making package: python-materialyoucolor-git 2.0.8.r1.g9780c78-3 (Sun 26 Jan 2025 04:55:15 AM EET)
==> Checking runtime dependencies...
==> Checking buildtime dependencies...
==> Retrieving sources...
  -> Updating materialyoucolor-python git repo...
==> Validating source files with sha256sums...
    materialyoucolor-python ... Skipped
==> Removing existing $srcdir/ directory...
==> Extracting sources...
  -> Creating working copy of materialyoucolor-python git repo...
Cloning into 'materialyoucolor-python'...
done.
==> Starting pkgver()...
==> Updated version: python-materialyoucolor-git 2.0.10.r1.g7308073-1
==> Sources are ready.
 -> python-materialyoucolor-git-2.0.10.r1.g7308073-1 already made -- skipping build
==> Making package: python-materialyoucolor-git 2.0.10.r1.g7308073-1 (Sun 26 Jan 2025 04:55:19 AM EET)
==> Checking runtime dependencies...
==> Checking buildtime dependencies...
==> WARNING: Using existing $srcdir/ tree
==> Starting pkgver()...
==> Sources are ready.
==> Making package: gradience 0.4.1_patch1-2 (Sun 26 Jan 2025 04:55:20 AM EET)
==> Checking runtime dependencies...
==> Checking buildtime dependencies...
==> Retrieving sources...
  -> Found 0.4.1-patch1.tar.gz
==> Validating source files with sha512sums...
    0.4.1-patch1.tar.gz ... Passed
==> Removing existing $srcdir/ directory...
==> Extracting sources...
  -> Extracting 0.4.1-patch1.tar.gz with bsdtar
==> Sources are ready.
 -> gradience-0.4.1_patch1-2 already made -- skipping build
==> Making package: gradience 0.4.1_patch1-2 (Sun 26 Jan 2025 04:55:23 AM EET)
==> Checking runtime dependencies...
==> Checking buildtime dependencies...
==> WARNING: Using existing $srcdir/ tree
==> Sources are ready.
warning: python-materialyoucolor-git-2.0.10.r1.g7308073-1 is up to date -- reinstalling
warning: gradience-0.4.1_patch1-2 is up to date -- reinstalling
loading packages...
resolving dependencies...
looking for conflicting packages...

Package (2)                  Old Version           New Version           Net Change

gradience                    0.4.1_patch1-2        0.4.1_patch1-2          0.00 MiB
python-materialyoucolor-git  2.0.10.r1.g7308073-1  2.0.10.r1.g7308073-1    0.00 MiB

Total Installed Size:  2.11 MiB
Net Upgrade Size:      0.00 MiB

:: Proceed with installation? [Y/n] 
checking keyring...
checking package integrity...
loading package files...
checking for file conflicts...
:: Processing package changes...
reinstalling python-materialyoucolor-git...
reinstalling gradience...

Setup Tutorial

For Flatpak Libadwaita applications, you need to override their permissions:
sudo flatpak override --filesystem=xdg-config/gtk-4.0

For Flatpak applications, you need to override their permissions:
sudo flatpak override --filesystem=xdg-config/gtk-3.0

=============================================================================
Please don't report theming issue to upstream, open an issue in the Gradience
repo instead (https://github.com/GradienceTeam/Gradience/issues/new/choose)
=============================================================================
:: Running post-transaction hooks...
(1/5) Arming ConditionNeedsUpdate...
(2/5) Compiling GSettings XML schema files...
(3/5) Updating icon theme caches...
(4/5) Checking which packages need to be rebuilt
(5/5) Updating the desktop file MIME type cache...
[34m[./install.sh]: Command "[32myay -S --noconfirm --asdeps python-materialyoucolor-git gradience python-libsass python-material-color-utilities[34m" finished.[0m
==> Making package: illogical-impulse-pymyc-aur 1.0-1 (Sun 26 Jan 2025 04:55:26 AM EET)
==> Checking runtime dependencies...
==> Checking buildtime dependencies...
==> Retrieving sources...
==> Extracting sources...
==> Entering fakeroot environment...
==> Tidying install...
  -> Removing libtool files...
  -> Purging unwanted files...
  -> Removing static library files...
  -> Stripping unneeded symbols from binaries and libraries...
  -> Compressing man and info pages...
==> Checking for packaging issues...
==> Creating package "illogical-impulse-pymyc-aur"...
  -> Generating .PKGINFO file...
  -> Generating .BUILDINFO file...
  -> Generating .MTREE file...
  -> Compressing package...
==> Leaving fakeroot environment.
==> Finished making: illogical-impulse-pymyc-aur 1.0-1 (Sun 26 Jan 2025 04:55:28 AM EET)
==> Installing package illogical-impulse-pymyc-aur with pacman -U...
warning: illogical-impulse-pymyc-aur-1.0-1 is up to date -- reinstalling
loading packages...
resolving dependencies...
looking for conflicting packages...

Package (1)                  Old Version  New Version  Net Change

illogical-impulse-pymyc-aur  1.0-1        1.0-1          0.00 MiB


:: Proceed with installation? [Y/n] 
checking keyring...
checking package integrity...
loading package files...
checking for file conflicts...
:: Processing package changes...
reinstalling illogical-impulse-pymyc-aur...
:: Running post-transaction hooks...
(1/1) Checking which packages need to be rebuilt
[34m[./install.sh]: Command "[32mmakepkg -si --noconfirm[34m" finished.[0m
~/dots-hyprland
[34m[./install.sh]: Command "[32mpopd[34m" finished.[0m
[34m[./install.sh]: Command "[32minstall-local-pkgbuild ./arch-packages/illogical-impulse-pymyc-aur  --noconfirm[34m" finished.[0m
####################################################
[34m[./install.sh]: Next command:[0m
[32myay -S --noconfirm --asdeps hyprutils-git hyprlang-git hyprcursor-git hyprwayland-scanner-git[0m
AUR Dependency (4): hyprcursor-git-0.1.8.r0.gcab47461-1, hyprwayland-scanner-git-0.4.4.r0.gde913476-1, hyprlang-git-0.6.0.r3.g16e59c1e-1, hyprutils-git-0.2.3.r3.gfd4be8b9-1
:: [1mPKGBUILD up to date, skipping download: hyprcursor-git[0m
:: [1mPKGBUILD up to date, skipping download: hyprwayland-scanner-git[0m
:: [1mPKGBUILD up to date, skipping download: hyprlang-git[0m
:: [1mPKGBUILD up to date, skipping download: hyprutils-git[0m
  4 hyprcursor-git                           (Installed) (Build Files Exist)
  3 hyprwayland-scanner-git                  (Installed) (Build Files Exist)
  2 hyprlang-git                             (Installed) (Build Files Exist)
  1 hyprutils-git                            (Installed) (Build Files Exist)
==> Packages to cleanBuild?
==> [N]one [A]ll [Ab]ort [I]nstalled [No]tInstalled or (1 2 3, 1-3, ^4)
==> 
  4 hyprcursor-git                           (Installed) (Build Files Exist)
  3 hyprwayland-scanner-git                  (Installed) (Build Files Exist)
  2 hyprlang-git                             (Installed) (Build Files Exist)
  1 hyprutils-git                            (Installed) (Build Files Exist)
==> Diffs to show?
==> [N]one [A]ll [Ab]ort [I]nstalled [No]tInstalled or (1 2 3, 1-3, ^4)
==> 
==> Making package: hyprutils-git 0.2.3.r3.gfd4be8b9-1 (Sun 26 Jan 2025 04:55:49 AM EET)
==> Retrieving sources...
  -> Updating hyprutils git repo...
==> WARNING: Skipping verification of source file PGP signatures.
==> Validating source files with sha256sums...
    hyprutils ... Skipped
==> Making package: hyprcursor-git 0.1.8.r0.gcab47461-1 (Sun 26 Jan 2025 04:55:52 AM EET)
==> Retrieving sources...
  -> Updating hyprcursor git repo...
==> WARNING: Skipping verification of source file PGP signatures.
==> Validating source files with sha256sums...
    hyprcursor ... Skipped
==> Making package: hyprwayland-scanner-git 0.4.4.r0.gde913476-1 (Sun 26 Jan 2025 04:55:54 AM EET)
==> Retrieving sources...
  -> Updating hyprwayland-scanner git repo...
==> WARNING: Skipping verification of source file PGP signatures.
==> Validating source files with sha256sums...
    hyprwayland-scanner ... Skipped
==> Making package: hyprlang-git 0.6.0.r3.g16e59c1e-1 (Sun 26 Jan 2025 04:55:57 AM EET)
==> Retrieving sources...
  -> Updating hyprlang git repo...
==> WARNING: Skipping verification of source file PGP signatures.
==> Validating source files with sha256sums...
    hyprlang ... Skipped
:: [1m(1/4) Parsing SRCINFO: hyprcursor-git[0m
:: [1m(2/4) Parsing SRCINFO: hyprwayland-scanner-git[0m
:: [1m(3/4) Parsing SRCINFO: hyprlang-git[0m
:: [1m(4/4) Parsing SRCINFO: hyprutils-git[0m
==> Making package: hyprutils-git 0.2.3.r3.gfd4be8b9-1 (Sun 26 Jan 2025 04:55:59 AM EET)
==> Checking runtime dependencies...
==> Checking buildtime dependencies...
==> Retrieving sources...
  -> Updating hyprutils git repo...
==> Validating source files with sha256sums...
    hyprutils ... Skipped
==> Removing existing $srcdir/ directory...
==> Extracting sources...
  -> Creating working copy of hyprutils git repo...
Cloning into 'hyprutils'...
done.
==> Starting pkgver()...
==> Updated version: hyprutils-git 0.4.0.r2.gfb0c2d1d-1
==> Sources are ready.
 -> hyprutils-git-0.4.0.r2.gfb0c2d1d-1 already made -- skipping build
==> Making package: hyprutils-git 0.4.0.r2.gfb0c2d1d-1 (Sun 26 Jan 2025 04:56:04 AM EET)
==> Checking runtime dependencies...
==> Checking buildtime dependencies...
==> WARNING: Using existing $srcdir/ tree
==> Starting pkgver()...
==> Sources are ready.
warning: hyprutils-git-0.4.0.r2.gfb0c2d1d-1 is up to date -- reinstalling
loading packages...
resolving dependencies...
looking for conflicting packages...

Package (1)    Old Version           New Version           Net Change

hyprutils-git  0.4.0.r2.gfb0c2d1d-1  0.4.0.r2.gfb0c2d1d-1    0.00 MiB

Total Installed Size:  0.38 MiB
Net Upgrade Size:      0.00 MiB

:: Proceed with installation? [Y/n] 
checking keyring...
checking package integrity...
loading package files...
checking for file conflicts...
:: Processing package changes...
reinstalling hyprutils-git...
:: Running post-transaction hooks...
(1/2) Arming ConditionNeedsUpdate...
(2/2) Checking which packages need to be rebuilt
==> Making package: hyprlang-git 0.6.0.r3.g16e59c1e-1 (Sun 26 Jan 2025 04:56:07 AM EET)
==> Checking runtime dependencies...
==> Checking buildtime dependencies...
==> Retrieving sources...
  -> Updating hyprlang git repo...
==> Validating source files with sha256sums...
    hyprlang ... Skipped
==> Removing existing $srcdir/ directory...
==> Extracting sources...
  -> Creating working copy of hyprlang git repo...
Cloning into 'hyprlang'...
done.
==> Starting pkgver()...
==> Updated version: hyprlang-git 0.6.0.r6.gf41271d3-1
==> Sources are ready.
 -> hyprlang-git-0.6.0.r6.gf41271d3-1 already made -- skipping build
==> Making package: hyprlang-git 0.6.0.r6.gf41271d3-1 (Sun 26 Jan 2025 04:56:12 AM EET)
==> Checking runtime dependencies...
==> Checking buildtime dependencies...
==> WARNING: Using existing $srcdir/ tree
==> Starting pkgver()...
==> Sources are ready.
warning: hyprlang-git-0.6.0.r6.gf41271d3-1 is up to date -- reinstalling
loading packages...
resolving dependencies...
looking for conflicting packages...

Package (1)   Old Version           New Version           Net Change

hyprlang-git  0.6.0.r6.gf41271d3-1  0.6.0.r6.gf41271d3-1    0.00 MiB

Total Installed Size:  0.26 MiB
Net Upgrade Size:      0.00 MiB

:: Proceed with installation? [Y/n] 
checking keyring...
checking package integrity...
loading package files...
checking for file conflicts...
:: Processing package changes...
reinstalling hyprlang-git...
:: Running post-transaction hooks...
(1/2) Arming ConditionNeedsUpdate...
(2/2) Checking which packages need to be rebuilt
==> Making package: hyprcursor-git 0.1.8.r0.gcab47461-1 (Sun 26 Jan 2025 04:56:15 AM EET)
==> Checking runtime dependencies...
==> Checking buildtime dependencies...
==> Retrieving sources...
  -> Updating hyprcursor git repo...
==> Validating source files with sha256sums...
    hyprcursor ... Skipped
==> Removing existing $srcdir/ directory...
==> Extracting sources...
  -> Creating working copy of hyprcursor git repo...
Cloning into 'hyprcursor'...
done.
==> Starting pkgver()...
==> Updated version: hyprcursor-git 0.1.11.r3.g9c5dd1f7-1
==> Sources are ready.
 -> hyprcursor-git-0.1.11.r3.g9c5dd1f7-1 already made -- skipping build
==> Making package: hyprcursor-git 0.1.11.r3.g9c5dd1f7-1 (Sun 26 Jan 2025 04:56:20 AM EET)
==> Checking runtime dependencies...
==> Checking buildtime dependencies...
==> WARNING: Using existing $srcdir/ tree
==> Starting pkgver()...
==> Sources are ready.
==> Making package: hyprwayland-scanner-git 0.4.4.r0.gde913476-1 (Sun 26 Jan 2025 04:56:22 AM EET)
==> Checking runtime dependencies...
==> Checking buildtime dependencies...
==> Retrieving sources...
  -> Updating hyprwayland-scanner git repo...
==> Validating source files with sha256sums...
    hyprwayland-scanner ... Skipped
==> Removing existing $srcdir/ directory...
==> Extracting sources...
  -> Creating working copy of hyprwayland-scanner git repo...
Cloning into 'hyprwayland-scanner'...
done.
==> Starting pkgver()...
==> Sources are ready.
 -> hyprwayland-scanner-git-0.4.4.r0.gde913476-1 already made -- skipping build
==> Making package: hyprwayland-scanner-git 0.4.4.r0.gde913476-1 (Sun 26 Jan 2025 04:56:27 AM EET)
==> Checking runtime dependencies...
==> Checking buildtime dependencies...
==> WARNING: Using existing $srcdir/ tree
==> Starting pkgver()...
==> Sources are ready.
warning: hyprcursor-git-0.1.11.r3.g9c5dd1f7-1 is up to date -- reinstalling
warning: hyprwayland-scanner-git-0.4.4.r0.gde913476-1 is up to date -- reinstalling
loading packages...
resolving dependencies...
looking for conflicting packages...

Package (2)              Old Version            New Version            Net Change

hyprcursor-git           0.1.11.r3.g9c5dd1f7-1  0.1.11.r3.g9c5dd1f7-1    0.00 MiB
hyprwayland-scanner-git  0.4.4.r0.gde913476-1   0.4.4.r0.gde913476-1     0.00 MiB

Total Installed Size:  0.92 MiB
Net Upgrade Size:      0.00 MiB

:: Proceed with installation? [Y/n] 
checking keyring...
checking package integrity...
loading package files...
checking for file conflicts...
:: Processing package changes...
reinstalling hyprcursor-git...
reinstalling hyprwayland-scanner-git...
:: Running post-transaction hooks...
(1/2) Arming ConditionNeedsUpdate...
(2/2) Checking which packages need to be rebuilt
[34m[./install.sh]: Command "[32myay -S --noconfirm --asdeps hyprutils-git hyprlang-git hyprcursor-git hyprwayland-scanner-git[34m" finished.[0m
####################################################
[34m[./install.sh]: Next command:[0m
[32myay -S --noconfirm --answerclean=a hyprland-git[0m
AUR Explicit (1): hyprland-git-0.46.0.r115.ga6b26371-1
:: [1mPKGBUILD up to date, skipping download: hyprland-git[0m
  1 hyprland-git                             (Installed) (Build Files Exist)
==> Packages to cleanBuild?
==> [N]one [A]ll [Ab]ort [I]nstalled [No]tInstalled or (1 2 3, 1-3, ^4)
==> a
:: [1mDeleting (1/1): /home/pharmaracist/.cache/yay/hyprland-git[0m
HEAD is now at 289f94d upgpkg: hyprland-git 0.46.0.r115.ga6b26371-1
Removing Hyprland/
Removing hyprland-git-0.46.0.r163.g80b2fd13-1-x86_64.pkg.tar.zst
Removing udis86/
  1 hyprland-git                             (Installed) (Build Files Exist)
==> Diffs to show?
==> [N]one [A]ll [Ab]ort [I]nstalled [No]tInstalled or (1 2 3, 1-3, ^4)
==> 
==> Making package: hyprland-git 0.46.0.r115.ga6b26371-1 (Sun 26 Jan 2025 04:56:33 AM EET)
==> Retrieving sources...
  -> Cloning Hyprland git repo...
Cloning into bare repository '/home/pharmaracist/.cache/yay/hyprland-git/Hyprland'...
  -> Cloning udis86 git repo...
Cloning into bare repository '/home/pharmaracist/.cache/yay/hyprland-git/udis86'...
==> WARNING: Skipping verification of source file PGP signatures.
==> Validating source files with b2sums...
    Hyprland ... Skipped
    udis86 ... Skipped
:: [1m(1/1) Parsing SRCINFO: hyprland-git[0m
==> Making package: hyprland-git 0.46.0.r115.ga6b26371-1 (Sun 26 Jan 2025 04:57:38 AM EET)
==> Checking runtime dependencies...
==> Checking buildtime dependencies...
==> Retrieving sources...
  -> Updating Hyprland git repo...
  -> Updating udis86 git repo...
==> Validating source files with b2sums...
    Hyprland ... Skipped
    udis86 ... Skipped
==> Removing existing $srcdir/ directory...
==> Extracting sources...
  -> Creating working copy of Hyprland git repo...
Cloning into 'Hyprland'...
done.
  -> Creating working copy of udis86 git repo...
Cloning into 'udis86'...
done.
==> Starting prepare()...
Submodule 'subprojects/hyprland-protocols' (https://github.com/hyprwm/hyprland-protocols) registered for path 'subprojects/hyprland-protocols'
Submodule 'subprojects/tracy' (https://github.com/wolfpld/tracy) registered for path 'subprojects/tracy'
Submodule 'subprojects/udis86' (https://github.com/canihavesomecoffee/udis86) registered for path 'subprojects/udis86'
Cloning into '/home/pharmaracist/.cache/yay/hyprland-git/src/Hyprland/subprojects/hyprland-protocols'...
Skipping submodule 'subprojects/tracy'
Cloning into '/home/pharmaracist/.cache/yay/hyprland-git/src/Hyprland/subprojects/udis86'...
done.
Submodule path 'subprojects/hyprland-protocols': checked out '4c75dd5c015c8a0e5a34c6d02a018a650f57feb5'
Submodule path 'subprojects/udis86': checked out '5336633af70f3917760a6d441ff02d93477b0c86'
==> Starting pkgver()...
==> Updated version: hyprland-git 0.46.0.r175.g8b1d6e30-1
==> Sources are ready.
==> Making package: hyprland-git 0.46.0.r175.g8b1d6e30-1 (Sun 26 Jan 2025 04:57:44 AM EET)
==> Checking runtime dependencies...
==> Checking buildtime dependencies...
==> WARNING: Using existing $srcdir/ tree
==> Starting pkgver()...
==> Starting build()...
Not searching for unused variables given on the command line.
-- The C compiler identification is GNU 14.2.1
-- The CXX compiler identification is GNU 14.2.1
-- Detecting C compiler ABI info
-- Detecting C compiler ABI info - done
-- Check for working C compiler: /usr/bin/cc - skipped
-- Detecting C compile features
-- Detecting C compile features - done
-- Detecting CXX compiler ABI info
-- Detecting CXX compiler ABI info - done
-- Check for working CXX compiler: /usr/bin/c++ - skipped
-- Detecting CXX compile features
-- Detecting CXX compile features - done
-- Gathering git info
-- Found PkgConfig: /usr/bin/pkg-config (found version "2.3.0")
-- Checking for module 'udis86>=1.7.2'
--   Package 'udis86' not found
-- Found Python3: /usr/bin/python3.13 (found version "3.13.1") found components: Interpreter
Building itab.c/itab.h...
-- udis86 dependency not found, falling back to subproject
-- Found wayland-protocols at //usr/share/wayland-protocols
-- Found wayland-scanner pkgdatadir at //usr/share/wayland
-- Configuring Hyprland in Release with CMake
-- Checking deps...
-- Performing Test CMAKE_HAVE_LIBC_PTHREAD
-- Performing Test CMAKE_HAVE_LIBC_PTHREAD - Success
-- Found Threads: TRUE
-- Found OpenGL: /usr/lib/libOpenGL.so  found components: GLES3
-- Checking for module 'aquamarine>=0.4.5'
--   Found aquamarine, version 0.7.1
-- Checking for module 'hyprlang>=0.3.2'
--   Found hyprlang, version 0.6.0
-- Checking for module 'hyprcursor>=0.1.7'
--   Found hyprcursor, version 0.1.11
-- Checking for module 'hyprutils>=0.4.0'
--   Found hyprutils, version 0.4.0
-- Checking for module 'hyprgraphics>=0.1.1'
--   Found hyprgraphics, version 0.1.1
-- Checking for modules 'xkbcommon;uuid;wayland-server>=1.22.90;wayland-protocols;cairo;pango;pangocairo;pixman-1;xcursor;libdrm;libinput;gbm;gio-2.0;re2'
--   Found xkbcommon, version 1.7.0
--   Found uuid, version 2.40.4
--   Found wayland-server, version 1.23.1
--   Found wayland-protocols, version 1.39
--   Found cairo, version 1.18.2
--   Found pango, version 1.56.1
--   Found pangocairo, version 1.56.1
--   Found pixman-1, version 0.44.2
--   Found xcursor, version 1.2.3
--   Found libdrm, version 2.4.124
--   Found libinput, version 1.27.1
--   Found gbm, version 24.3.4-arch1.1
--   Found gio-2.0, version 2.82.4
--   Found re2, version 11.0.0
-- Looking for execinfo.h
-- Looking for execinfo.h - found
-- Configuration supports execinfo
-- Looking for backtrace in execinfo
-- Looking for backtrace in execinfo - not found
-- Looking for sys/timerfd.h
-- Looking for sys/timerfd.h - found
-- Checking for module 'epoll-shim'
--   Package 'epoll-shim' not found
-- XWAYLAND Enabled (NO_XWAYLAND not defined) checking deps...
-- Checking for modules 'xcb;xcb-render;xcb-xfixes;xcb-icccm;xcb-composite;xcb-res;xcb-errors'
--   Found xcb, version 1.17.0
--   Found xcb-render, version 1.17.0
--   Found xcb-xfixes, version 1.17.0
--   Found xcb-icccm, version 0.4.2
--   Found xcb-composite, version 1.17.0
--   Found xcb-res, version 1.17.0
--   Found xcb-errors, version 1.0.1
-- SYSTEMD support is requested (NO_SYSTEMD not defined)...
-- UWSM support is enabled (NO_UWSM not defined)...
-- Setting precompiled headers
-- Setting link libraries
-- Checking for module 'hyprland-protocols>=0.6.0'
--   Found hyprland-protocols, version 0.6.1
-- hyprland-protocols dependency set to //usr/share/hyprland-protocols
-- Checking for modules 'hyprutils>=0.2.4;re2'
--   Found hyprutils, version 0.4.0
--   Found re2, version 11.0.0
-- Checking for modules 'tomlplusplus;hyprutils>=0.2.4'
--   Found tomlplusplus, version 3.4.0
--   Found hyprutils, version 0.4.0
-- hyprpm is enabled (NO_HYPRPM not defined)
-- Configuring done (4.3s)
-- Generating done (0.1s)
-- Build files have been written to: /home/pharmaracist/.cache/yay/hyprland-git/src/Hyprland/build
[  0%] Building C object subprojects/udis86/libudis86/CMakeFiles/libudis86.dir/decode.c.o
[  0%] Building C object subprojects/udis86/libudis86/CMakeFiles/libudis86.dir/itab.c.o
[  1%] Building C object subprojects/udis86/libudis86/CMakeFiles/libudis86.dir/syn-att.c.o
[  1%] Building C object subprojects/udis86/libudis86/CMakeFiles/libudis86.dir/syn-intel.c.o
[  1%] Building C object subprojects/udis86/libudis86/CMakeFiles/libudis86.dir/syn.c.o
[  2%] Building C object subprojects/udis86/libudis86/CMakeFiles/libudis86.dir/udis86.c.o
[  2%] Linking C static library liblibudis86.a
[  2%] Built target libudis86
[  2%] Generating /home/pharmaracist/.cache/yay/hyprland-git/src/Hyprland/protocols/xx-color-management-v4.cpp, /home/pharmaracist/.cache/yay/hyprland-git/src/Hyprland/protocols/xx-color-management-v4.hpp
[  2%] Generating /home/pharmaracist/.cache/yay/hyprland-git/src/Hyprland/protocols/alpha-modifier-v1.cpp, /home/pharmaracist/.cache/yay/hyprland-git/src/Hyprland/protocols/alpha-modifier-v1.hpp
[  2%] Generating /home/pharmaracist/.cache/yay/hyprland-git/src/Hyprland/protocols/cursor-shape-v1.cpp, /home/pharmaracist/.cache/yay/hyprland-git/src/Hyprland/protocols/cursor-shape-v1.hpp
[  2%] Generating /home/pharmaracist/.cache/yay/hyprland-git/src/Hyprland/protocols/drm-lease-v1.cpp, /home/pharmaracist/.cache/yay/hyprland-git/src/Hyprland/protocols/drm-lease-v1.hpp
[  2%] Generating /home/pharmaracist/.cache/yay/hyprland-git/src/Hyprland/protocols/ext-foreign-toplevel-list-v1.cpp, /home/pharmaracist/.cache/yay/hyprland-git/src/Hyprland/protocols/ext-foreign-toplevel-list-v1.hpp
[  2%] Generating /home/pharmaracist/.cache/yay/hyprland-git/src/Hyprland/protocols/ext-idle-notify-v1.cpp, /home/pharmaracist/.cache/yay/hyprland-git/src/Hyprland/protocols/ext-idle-notify-v1.hpp
[  3%] Generating /home/pharmaracist/.cache/yay/hyprland-git/src/Hyprland/protocols/ext-session-lock-v1.cpp, /home/pharmaracist/.cache/yay/hyprland-git/src/Hyprland/protocols/ext-session-lock-v1.hpp
[  3%] Generating /home/pharmaracist/.cache/yay/hyprland-git/src/Hyprland/protocols/fractional-scale-v1.cpp, /home/pharmaracist/.cache/yay/hyprland-git/src/Hyprland/protocols/fractional-scale-v1.hpp
[  4%] Generating /home/pharmaracist/.cache/yay/hyprland-git/src/Hyprland/protocols/frog-color-management-v1.cpp, /home/pharmaracist/.cache/yay/hyprland-git/src/Hyprland/protocols/frog-color-management-v1.hpp
[  4%] Generating /home/pharmaracist/.cache/yay/hyprland-git/src/Hyprland/protocols/hyprland-ctm-control-v1.cpp, /home/pharmaracist/.cache/yay/hyprland-git/src/Hyprland/protocols/hyprland-ctm-control-v1.hpp
[  5%] Generating /home/pharmaracist/.cache/yay/hyprland-git/src/Hyprland/protocols/hyprland-focus-grab-v1.cpp, /home/pharmaracist/.cache/yay/hyprland-git/src/Hyprland/protocols/hyprland-focus-grab-v1.hpp
[  5%] Generating /home/pharmaracist/.cache/yay/hyprland-git/src/Hyprland/protocols/hyprland-global-shortcuts-v1.cpp, /home/pharmaracist/.cache/yay/hyprland-git/src/Hyprland/protocols/hyprland-global-shortcuts-v1.hpp
[  7%] Generating /home/pharmaracist/.cache/yay/hyprland-git/src/Hyprland/protocols/hyprland-lock-notify-v1.cpp, /home/pharmaracist/.cache/yay/hyprland-git/src/Hyprland/protocols/hyprland-lock-notify-v1.hpp
[  7%] Generating /home/pharmaracist/.cache/yay/hyprland-git/src/Hyprland/protocols/hyprland-surface-v1.cpp, /home/pharmaracist/.cache/yay/hyprland-git/src/Hyprland/protocols/hyprland-surface-v1.hpp
[  7%] Generating /home/pharmaracist/.cache/yay/hyprland-git/src/Hyprland/protocols/hyprland-toplevel-export-v1.cpp, /home/pharmaracist/.cache/yay/hyprland-git/src/Hyprland/protocols/hyprland-toplevel-export-v1.hpp
[  7%] Generating /home/pharmaracist/.cache/yay/hyprland-git/src/Hyprland/protocols/idle-inhibit-unstable-v1.cpp, /home/pharmaracist/.cache/yay/hyprland-git/src/Hyprland/protocols/idle-inhibit-unstable-v1.hpp
[  7%] Generating /home/pharmaracist/.cache/yay/hyprland-git/src/Hyprland/protocols/input-method-unstable-v2.cpp, /home/pharmaracist/.cache/yay/hyprland-git/src/Hyprland/protocols/input-method-unstable-v2.hpp
[  7%] Generating /home/pharmaracist/.cache/yay/hyprland-git/src/Hyprland/protocols/kde-server-decoration.cpp, /home/pharmaracist/.cache/yay/hyprland-git/src/Hyprland/protocols/kde-server-decoration.hpp
[  7%] Generating /home/pharmaracist/.cache/yay/hyprland-git/src/Hyprland/protocols/keyboard-shortcuts-inhibit-unstable-v1.cpp, /home/pharmaracist/.cache/yay/hyprland-git/src/Hyprland/protocols/keyboard-shortcuts-inhibit-unstable-v1.hpp
[  8%] Generating /home/pharmaracist/.cache/yay/hyprland-git/src/Hyprland/protocols/linux-dmabuf-v1.cpp, /home/pharmaracist/.cache/yay/hyprland-git/src/Hyprland/protocols/linux-dmabuf-v1.hpp
[  8%] Generating /home/pharmaracist/.cache/yay/hyprland-git/src/Hyprland/protocols/linux-drm-syncobj-v1.cpp, /home/pharmaracist/.cache/yay/hyprland-git/src/Hyprland/protocols/linux-drm-syncobj-v1.hpp
[  9%] Generating /home/pharmaracist/.cache/yay/hyprland-git/src/Hyprland/protocols/pointer-constraints-unstable-v1.cpp, /home/pharmaracist/.cache/yay/hyprland-git/src/Hyprland/protocols/pointer-constraints-unstable-v1.hpp
[ 10%] Generating /home/pharmaracist/.cache/yay/hyprland-git/src/Hyprland/protocols/pointer-gestures-unstable-v1.cpp, /home/pharmaracist/.cache/yay/hyprland-git/src/Hyprland/protocols/pointer-gestures-unstable-v1.hpp
[ 10%] Generating /home/pharmaracist/.cache/yay/hyprland-git/src/Hyprland/protocols/presentation-time.cpp, /home/pharmaracist/.cache/yay/hyprland-git/src/Hyprland/protocols/presentation-time.hpp
[ 11%] Generating /home/pharmaracist/.cache/yay/hyprland-git/src/Hyprland/protocols/primary-selection-unstable-v1.cpp, /home/pharmaracist/.cache/yay/hyprland-git/src/Hyprland/protocols/primary-selection-unstable-v1.hpp
[ 12%] Generating /home/pharmaracist/.cache/yay/hyprland-git/src/Hyprland/protocols/relative-pointer-unstable-v1.cpp, /home/pharmaracist/.cache/yay/hyprland-git/src/Hyprland/protocols/relative-pointer-unstable-v1.hpp
[ 12%] Generating /home/pharmaracist/.cache/yay/hyprland-git/src/Hyprland/protocols/security-context-v1.cpp, /home/pharmaracist/.cache/yay/hyprland-git/src/Hyprland/protocols/security-context-v1.hpp
[ 14%] Generating /home/pharmaracist/.cache/yay/hyprland-git/src/Hyprland/protocols/single-pixel-buffer-v1.cpp, /home/pharmaracist/.cache/yay/hyprland-git/src/Hyprland/protocols/single-pixel-buffer-v1.hpp
[ 14%] Generating /home/pharmaracist/.cache/yay/hyprland-git/src/Hyprland/protocols/tablet-v2.cpp, /home/pharmaracist/.cache/yay/hyprland-git/src/Hyprland/protocols/tablet-v2.hpp
[ 14%] Generating /home/pharmaracist/.cache/yay/hyprland-git/src/Hyprland/protocols/tearing-control-v1.cpp, /home/pharmaracist/.cache/yay/hyprland-git/src/Hyprland/protocols/tearing-control-v1.hpp
[ 14%] Generating /home/pharmaracist/.cache/yay/hyprland-git/src/Hyprland/protocols/text-input-unstable-v1.cpp, /home/pharmaracist/.cache/yay/hyprland-git/src/Hyprland/protocols/text-input-unstable-v1.hpp
[ 14%] Generating /home/pharmaracist/.cache/yay/hyprland-git/src/Hyprland/protocols/text-input-unstable-v3.cpp, /home/pharmaracist/.cache/yay/hyprland-git/src/Hyprland/protocols/text-input-unstable-v3.hpp
[ 14%] Generating /home/pharmaracist/.cache/yay/hyprland-git/src/Hyprland/protocols/viewporter.cpp, /home/pharmaracist/.cache/yay/hyprland-git/src/Hyprland/protocols/viewporter.hpp
[ 14%] Generating /home/pharmaracist/.cache/yay/hyprland-git/src/Hyprland/protocols/virtual-keyboard-unstable-v1.cpp, /home/pharmaracist/.cache/yay/hyprland-git/src/Hyprland/protocols/virtual-keyboard-unstable-v1.hpp
[ 14%] Generating /home/pharmaracist/.cache/yay/hyprland-git/src/Hyprland/protocols/wayland-drm.cpp, /home/pharmaracist/.cache/yay/hyprland-git/src/Hyprland/protocols/wayland-drm.hpp
[ 14%] Generating /home/pharmaracist/.cache/yay/hyprland-git/src/Hyprland/protocols/wayland.cpp, /home/pharmaracist/.cache/yay/hyprland-git/src/Hyprland/protocols/wayland.hpp
[ 14%] Generating /home/pharmaracist/.cache/yay/hyprland-git/src/Hyprland/protocols/wlr-data-control-unstable-v1.cpp, /home/pharmaracist/.cache/yay/hyprland-git/src/Hyprland/protocols/wlr-data-control-unstable-v1.hpp
[ 14%] Generating /home/pharmaracist/.cache/yay/hyprland-git/src/Hyprland/protocols/wlr-foreign-toplevel-management-unstable-v1.cpp, /home/pharmaracist/.cache/yay/hyprland-git/src/Hyprland/protocols/wlr-foreign-toplevel-management-unstable-v1.hpp
[ 14%] Generating /home/pharmaracist/.cache/yay/hyprland-git/src/Hyprland/protocols/wlr-gamma-control-unstable-v1.cpp, /home/pharmaracist/.cache/yay/hyprland-git/src/Hyprland/protocols/wlr-gamma-control-unstable-v1.hpp
[ 14%] Generating /home/pharmaracist/.cache/yay/hyprland-git/src/Hyprland/protocols/wlr-layer-shell-unstable-v1.cpp, /home/pharmaracist/.cache/yay/hyprland-git/src/Hyprland/protocols/wlr-layer-shell-unstable-v1.hpp
[ 15%] Generating /home/pharmaracist/.cache/yay/hyprland-git/src/Hyprland/protocols/wlr-output-management-unstable-v1.cpp, /home/pharmaracist/.cache/yay/hyprland-git/src/Hyprland/protocols/wlr-output-management-unstable-v1.hpp
[ 16%] Generating /home/pharmaracist/.cache/yay/hyprland-git/src/Hyprland/protocols/wlr-output-power-management-unstable-v1.cpp, /home/pharmaracist/.cache/yay/hyprland-git/src/Hyprland/protocols/wlr-output-power-management-unstable-v1.hpp
[ 17%] Generating /home/pharmaracist/.cache/yay/hyprland-git/src/Hyprland/protocols/wlr-screencopy-unstable-v1.cpp, /home/pharmaracist/.cache/yay/hyprland-git/src/Hyprland/protocols/wlr-screencopy-unstable-v1.hpp
[ 17%] Generating /home/pharmaracist/.cache/yay/hyprland-git/src/Hyprland/protocols/wlr-virtual-pointer-unstable-v1.cpp, /home/pharmaracist/.cache/yay/hyprland-git/src/Hyprland/protocols/wlr-virtual-pointer-unstable-v1.hpp
[ 17%] Generating /home/pharmaracist/.cache/yay/hyprland-git/src/Hyprland/protocols/xdg-activation-v1.cpp, /home/pharmaracist/.cache/yay/hyprland-git/src/Hyprland/protocols/xdg-activation-v1.hpp
[ 17%] Generating /home/pharmaracist/.cache/yay/hyprland-git/src/Hyprland/protocols/xdg-decoration-unstable-v1.cpp, /home/pharmaracist/.cache/yay/hyprland-git/src/Hyprland/protocols/xdg-decoration-unstable-v1.hpp
[ 17%] Generating /home/pharmaracist/.cache/yay/hyprland-git/src/Hyprland/protocols/xdg-dialog-v1.cpp, /home/pharmaracist/.cache/yay/hyprland-git/src/Hyprland/protocols/xdg-dialog-v1.hpp
[ 18%] Generating /home/pharmaracist/.cache/yay/hyprland-git/src/Hyprland/protocols/xdg-output-unstable-v1.cpp, /home/pharmaracist/.cache/yay/hyprland-git/src/Hyprland/protocols/xdg-output-unstable-v1.hpp
[ 18%] Generating /home/pharmaracist/.cache/yay/hyprland-git/src/Hyprland/protocols/xdg-shell.cpp, /home/pharmaracist/.cache/yay/hyprland-git/src/Hyprland/protocols/xdg-shell.hpp
[ 18%] Generating /home/pharmaracist/.cache/yay/hyprland-git/src/Hyprland/protocols/xwayland-shell-v1.cpp, /home/pharmaracist/.cache/yay/hyprland-git/src/Hyprland/protocols/xwayland-shell-v1.hpp
[ 20%] Building CXX object CMakeFiles/Hyprland.dir/cmake_pch.hxx.gch
[ 20%] Building CXX object CMakeFiles/Hyprland.dir/src/Compositor.cpp.o
/home/pharmaracist/.cache/yay/hyprland-git/src/Hyprland/src/Compositor.cpp: In lambda function:
/home/pharmaracist/.cache/yay/hyprland-git/src/Hyprland/src/Compositor.cpp:101:14: warning: ignoring return value of ‘ssize_t write(int, const void*, size_t)’ declared with attribute ‘warn_unused_result’ [-Wunused-result]
  101 |         write(2, msg, strlen(msg));
      |         ~~~~~^~~~~~~~~~~~~~~~~~~~~
[ 20%] Building CXX object CMakeFiles/Hyprland.dir/src/config/ConfigManager.cpp.o
[ 21%] Building CXX object CMakeFiles/Hyprland.dir/src/config/ConfigWatcher.cpp.o
[ 21%] Building CXX object CMakeFiles/Hyprland.dir/src/debug/CrashReporter.cpp.o
/home/pharmaracist/.cache/yay/hyprland-git/src/Hyprland/src/debug/CrashReporter.cpp: In function ‘void exitWithError(const char*)’:
/home/pharmaracist/.cache/yay/hyprland-git/src/Hyprland/src/debug/CrashReporter.cpp:39:10: warning: ignoring return value of ‘ssize_t write(int, const void*, size_t)’ declared with attribute ‘warn_unused_result’ [-Wunused-result]
   39 |     write(STDERR_FILENO, err, strlen(err));
      |     ~~~~~^~~~~~~~~~~~~~~~~~~~~~~~~~~~~~~~~
[ 21%] Building CXX object CMakeFiles/Hyprland.dir/src/debug/HyprCtl.cpp.o
[ 21%] Building CXX object CMakeFiles/Hyprland.dir/src/debug/HyprDebugOverlay.cpp.o
[ 22%] Building CXX object CMakeFiles/Hyprland.dir/src/debug/HyprNotificationOverlay.cpp.o
[ 22%] Building CXX object CMakeFiles/Hyprland.dir/src/debug/Log.cpp.o
[ 22%] Building CXX object CMakeFiles/Hyprland.dir/src/desktop/LayerRule.cpp.o
[ 23%] Building CXX object CMakeFiles/Hyprland.dir/src/desktop/LayerSurface.cpp.o
[ 23%] Building CXX object CMakeFiles/Hyprland.dir/src/desktop/Popup.cpp.o
[ 23%] Building CXX object CMakeFiles/Hyprland.dir/src/desktop/Rule.cpp.o
[ 24%] Building CXX object CMakeFiles/Hyprland.dir/src/desktop/Subsurface.cpp.o
[ 24%] Building CXX object CMakeFiles/Hyprland.dir/src/desktop/WLSurface.cpp.o
[ 24%] Building CXX object CMakeFiles/Hyprland.dir/src/desktop/Window.cpp.o
[ 24%] Building CXX object CMakeFiles/Hyprland.dir/src/desktop/WindowRule.cpp.o
[ 25%] Building CXX object CMakeFiles/Hyprland.dir/src/desktop/Workspace.cpp.o
[ 25%] Building CXX object CMakeFiles/Hyprland.dir/src/devices/IHID.cpp.o
[ 25%] Building CXX object CMakeFiles/Hyprland.dir/src/devices/IKeyboard.cpp.o
[ 27%] Building CXX object CMakeFiles/Hyprland.dir/src/devices/IPointer.cpp.o
[ 27%] Building CXX object CMakeFiles/Hyprland.dir/src/devices/ITouch.cpp.o
[ 27%] Building CXX object CMakeFiles/Hyprland.dir/src/devices/Keyboard.cpp.o
[ 28%] Building CXX object CMakeFiles/Hyprland.dir/src/devices/Mouse.cpp.o
[ 28%] Building CXX object CMakeFiles/Hyprland.dir/src/devices/Tablet.cpp.o
[ 28%] Building CXX object CMakeFiles/Hyprland.dir/src/devices/TouchDevice.cpp.o
[ 28%] Building CXX object CMakeFiles/Hyprland.dir/src/devices/VirtualKeyboard.cpp.o
[ 29%] Building CXX object CMakeFiles/Hyprland.dir/src/devices/VirtualPointer.cpp.o
[ 29%] Building CXX object CMakeFiles/Hyprland.dir/src/events/Windows.cpp.o
[ 29%] Building CXX object CMakeFiles/Hyprland.dir/src/helpers/Color.cpp.o
[ 30%] Building CXX object CMakeFiles/Hyprland.dir/src/helpers/DamageRing.cpp.o
[ 30%] Building CXX object CMakeFiles/Hyprland.dir/src/helpers/Format.cpp.o
[ 30%] Building CXX object CMakeFiles/Hyprland.dir/src/helpers/MiscFunctions.cpp.o
[ 31%] Building CXX object CMakeFiles/Hyprland.dir/src/helpers/Monitor.cpp.o
[ 31%] Building CXX object CMakeFiles/Hyprland.dir/src/helpers/SdDaemon.cpp.o
[ 31%] Building CXX object CMakeFiles/Hyprland.dir/src/helpers/TagKeeper.cpp.o
[ 31%] Building CXX object CMakeFiles/Hyprland.dir/src/helpers/Timer.cpp.o
[ 32%] Building CXX object CMakeFiles/Hyprland.dir/src/helpers/WLClasses.cpp.o
[ 32%] Building CXX object CMakeFiles/Hyprland.dir/src/helpers/Watchdog.cpp.o
[ 32%] Building CXX object CMakeFiles/Hyprland.dir/src/helpers/fs/FsUtils.cpp.o
[ 34%] Building CXX object CMakeFiles/Hyprland.dir/src/helpers/math/Math.cpp.o
[ 34%] Building CXX object CMakeFiles/Hyprland.dir/src/helpers/sync/SyncReleaser.cpp.o
[ 34%] Building CXX object CMakeFiles/Hyprland.dir/src/helpers/sync/SyncTimeline.cpp.o
[ 34%] Building CXX object CMakeFiles/Hyprland.dir/src/hyprerror/HyprError.cpp.o
[ 35%] Building CXX object CMakeFiles/Hyprland.dir/src/init/initHelpers.cpp.o
[ 35%] Building CXX object CMakeFiles/Hyprland.dir/src/layout/DwindleLayout.cpp.o
[ 35%] Building CXX object CMakeFiles/Hyprland.dir/src/layout/IHyprLayout.cpp.o
[ 36%] Building CXX object CMakeFiles/Hyprland.dir/src/layout/MasterLayout.cpp.o
[ 36%] Building CXX object CMakeFiles/Hyprland.dir/src/main.cpp.o
[ 36%] Building CXX object CMakeFiles/Hyprland.dir/src/managers/AnimationManager.cpp.o
[ 37%] Building CXX object CMakeFiles/Hyprland.dir/src/managers/CursorManager.cpp.o
[ 37%] Building CXX object CMakeFiles/Hyprland.dir/src/managers/DonationNagManager.cpp.o
[ 37%] Building CXX object CMakeFiles/Hyprland.dir/src/managers/EventManager.cpp.o
[ 37%] Building CXX object CMakeFiles/Hyprland.dir/src/managers/HookSystemManager.cpp.o
[ 38%] Building CXX object CMakeFiles/Hyprland.dir/src/managers/KeybindManager.cpp.o
/home/pharmaracist/.cache/yay/hyprland-git/src/Hyprland/src/managers/KeybindManager.cpp: In static member function ‘static uint64_t CKeybindManager::spawnRawProc(std::string, PHLWORKSPACE)’:
/home/pharmaracist/.cache/yay/hyprland-git/src/Hyprland/src/managers/KeybindManager.cpp:977:14: warning: ignoring return value of ‘ssize_t write(int, const void*, size_t)’ declared with attribute ‘warn_unused_result’ [-Wunused-result]
  977 |         write(socket[1], &grandchild, sizeof(grandchild));
      |         ~~~~~^~~~~~~~~~~~~~~~~~~~~~~~~~~~~~~~~~~~~~~~~~~~
/home/pharmaracist/.cache/yay/hyprland-git/src/Hyprland/src/managers/KeybindManager.cpp:984:9: warning: ignoring return value of ‘ssize_t read(int, void*, size_t)’ declared with attribute ‘warn_unused_result’ [-Wunused-result]
  984 |     read(socket[0], &grandchild, sizeof(grandchild));
      |     ~~~~^~~~~~~~~~~~~~~~~~~~~~~~~~~~~~~~~~~~~~~~~~~~
[ 38%] Building CXX object CMakeFiles/Hyprland.dir/src/managers/LayoutManager.cpp.o
[ 38%] Building CXX object CMakeFiles/Hyprland.dir/src/managers/PointerManager.cpp.o
