Installation started at Thu Dec 26 12:03:00 AM EET 2024
System information:
Linux pharmaracist 6.12.6-arch1-1 #1 SMP PREEMPT_DYNAMIC Thu, 19 Dec 2024 21:29:01 +0000 x86_64 GNU/Linux
[34m[./install.sh]: Hi there! Before we start:
This script 1. only works for ArchLinux and Arch-based distros.
            2. does not handle system-level/hardware stuff like Nvidia drivers
[31mWould you like to create a backup for "/home/pharmaracist/.config" and "/home/pharmaracist/.local/" folders?
[y/N]:  Skipping backup...

Do you want to confirm every time before a command executes?
  y = Yes, ask me before executing each command (DEFAULT)
  n = No, execute commands automatically
  a = Abort installation
Choose an option: [36m[./install.sh]: 1. Get packages and setup user groups/services
[0m####################################################
[34m[./install.sh]: Next command:[0m
[32msudo pacman -Syu[0m
:: Synchronizing package databases...
 endeavouros downloading...
 core downloading...
 extra downloading...
 multilib downloading...
:: Starting full system upgrade...
resolving dependencies...
looking for conflicting packages...

Package (2)             Old Version  New Version  Net Change  Download Size

extra/mpg123            1.32.9-1     1.32.10-1      0.00 MiB       0.43 MiB
extra/python-termcolor  2.4.0-3      2.5.0-1        0.00 MiB       0.01 MiB

Total Download Size:   0.44 MiB
Total Installed Size:  1.20 MiB
Net Upgrade Size:      0.00 MiB

:: Proceed with installation? [Y/n] :: Retrieving packages...
 mpg123-1.32.10-1-x86_64 downloading...
 python-termcolor-2.5.0-1-any downloading...
checking keyring...
checking package integrity...
loading package files...
checking for file conflicts...
:: Processing package changes...
upgrading mpg123...
upgrading python-termcolor...
:: Running post-transaction hooks...
(1/2) Arming ConditionNeedsUpdate...
(2/2) Checking which packages need to be rebuilt
[34m[./install.sh]: Command "[32msudo pacman -Syu[34m" finished.[0m
####################################################
[34m[./install.sh]: Next command:[0m
[32mset-explicit-to-implicit[0m
Attempting to set previously explicitly installed deps as implicit...
[34m[./install.sh]: Command "[32mset-explicit-to-implicit[34m" finished.[0m
error: target not found: illogical-impulse-microtex
####################################################
[34m[./install.sh]: Next command:[0m
[32minstall-local-pkgbuild ./arch-packages/illogical-impulse-audio --needed --noconfirm[0m
~/dots-hyprland/arch-packages/illogical-impulse-audio ~/dots-hyprland
[34m[./install.sh]: Command "[32mpushd ./arch-packages/illogical-impulse-audio[34m" finished.[0m
Sync Dependency (5): playerctl-2.4.1-4, swww-0.9.5-2, pavucontrol-1:6.1-1, wireplumber-0.5.7-1, libdbusmenu-gtk3-16.04.0.r498-2
warning: pavucontrol-1:6.1-1 is up to date -- skipping
warning: wireplumber-0.5.7-1 is up to date -- skipping
warning: libdbusmenu-gtk3-16.04.0.r498-2 is up to date -- skipping
warning: playerctl-2.4.1-4 is up to date -- skipping
warning: swww-0.9.5-2 is up to date -- skipping
 there is nothing to do
[34m[./install.sh]: Command "[32myay -S --needed --noconfirm --asdeps pavucontrol wireplumber libdbusmenu-gtk3 playerctl swww[34m" finished.[0m
==> Making package: illogical-impulse-audio 1.0-1 (Thu 26 Dec 2024 12:03:15 AM EET)
==> Checking runtime dependencies...
==> Checking buildtime dependencies...
==> Retrieving sources...
==> Extracting sources...
==> Entering fakeroot environment...
==> Tidying install...
  -> Removing libtool files...
  -> Purging unwanted files...
  -> Removing static library files...
  -> Stripping unneeded symbols from binaries and libraries...
  -> Compressing man and info pages...
==> Checking for packaging issues...
==> Creating package "illogical-impulse-audio"...
  -> Generating .PKGINFO file...
  -> Generating .BUILDINFO file...
  -> Generating .MTREE file...
  -> Compressing package...
==> Leaving fakeroot environment.
==> Finished making: illogical-impulse-audio 1.0-1 (Thu 26 Dec 2024 12:03:17 AM EET)
==> Installing package illogical-impulse-audio with pacman -U...
warning: illogical-impulse-audio-1.0-1 is up to date -- reinstalling
loading packages...
resolving dependencies...
looking for conflicting packages...

Package (1)              Old Version  New Version  Net Change

illogical-impulse-audio  1.0-1        1.0-1          0.00 MiB


:: Proceed with installation? [Y/n] 
checking keyring...
checking package integrity...
loading package files...
checking for file conflicts...
:: Processing package changes...
reinstalling illogical-impulse-audio...
:: Running post-transaction hooks...
(1/1) Checking which packages need to be rebuilt
[34m[./install.sh]: Command "[32mmakepkg -si --noconfirm[34m" finished.[0m
~/dots-hyprland
[34m[./install.sh]: Command "[32mpopd[34m" finished.[0m
[34m[./install.sh]: Command "[32minstall-local-pkgbuild ./arch-packages/illogical-impulse-audio --needed --noconfirm[34m" finished.[0m
####################################################
[34m[./install.sh]: Next command:[0m
[32minstall-local-pkgbuild ./arch-packages/illogical-impulse-backlight --needed --noconfirm[0m
~/dots-hyprland/arch-packages/illogical-impulse-backlight ~/dots-hyprland
[34m[./install.sh]: Command "[32mpushd ./arch-packages/illogical-impulse-backlight[34m" finished.[0m
Sync Dependency (2): brightnessctl-0.5.1-3, ddcutil-2.1.4-2
warning: brightnessctl-0.5.1-3 is up to date -- skipping
warning: ddcutil-2.1.4-2 is up to date -- skipping
 there is nothing to do
[34m[./install.sh]: Command "[32myay -S --needed --noconfirm --asdeps brightnessctl ddcutil[34m" finished.[0m
==> Making package: illogical-impulse-backlight 1.0-1 (Thu 26 Dec 2024 12:03:22 AM EET)
==> Checking runtime dependencies...
==> Checking buildtime dependencies...
==> Retrieving sources...
==> Extracting sources...
==> Entering fakeroot environment...
==> Tidying install...
  -> Removing libtool files...
  -> Purging unwanted files...
  -> Removing static library files...
  -> Stripping unneeded symbols from binaries and libraries...
  -> Compressing man and info pages...
==> Checking for packaging issues...
==> Creating package "illogical-impulse-backlight"...
  -> Generating .PKGINFO file...
  -> Generating .BUILDINFO file...
  -> Generating .MTREE file...
  -> Compressing package...
==> Leaving fakeroot environment.
==> Finished making: illogical-impulse-backlight 1.0-1 (Thu 26 Dec 2024 12:03:23 AM EET)
==> Installing package illogical-impulse-backlight with pacman -U...
warning: illogical-impulse-backlight-1.0-1 is up to date -- reinstalling
loading packages...
resolving dependencies...
looking for conflicting packages...

Package (1)                  Old Version  New Version  Net Change

illogical-impulse-backlight  1.0-1        1.0-1          0.00 MiB


:: Proceed with installation? [Y/n] 
checking keyring...
checking package integrity...
loading package files...
checking for file conflicts...
:: Processing package changes...
reinstalling illogical-impulse-backlight...
:: Running post-transaction hooks...
(1/1) Checking which packages need to be rebuilt
[34m[./install.sh]: Command "[32mmakepkg -si --noconfirm[34m" finished.[0m
~/dots-hyprland
[34m[./install.sh]: Command "[32mpopd[34m" finished.[0m
[34m[./install.sh]: Command "[32minstall-local-pkgbuild ./arch-packages/illogical-impulse-backlight --needed --noconfirm[34m" finished.[0m
####################################################
[34m[./install.sh]: Next command:[0m
[32minstall-local-pkgbuild ./arch-packages/illogical-impulse-basic --needed --noconfirm[0m
~/dots-hyprland/arch-packages/illogical-impulse-basic ~/dots-hyprland
[34m[./install.sh]: Command "[32mpushd ./arch-packages/illogical-impulse-basic[34m" finished.[0m
Sync Dependency (16): npm-11.0.0-1, meson-1.6.1-1, cliphist-1:0.6.1-1, wget-1.25.0-1, fuzzel-1.11.1-2, coreutils-9.5-2, jq-1.7.1-2, typescript-5.7.2-1, bc-1.07.1-5, axel-2.17.14-1, curl-8.11.1-3, ripgrep-14.1.1-1, cmake-3.31.3-1, xdg-user-dirs-0.18-2, gjs-2:1.82.1-1, rsync-3.3.0-2
warning: bc-1.07.1-5 is up to date -- skipping
warning: coreutils-9.5-2 is up to date -- skipping
warning: npm-11.0.0-1 is up to date -- skipping
warning: gjs-2:1.82.1-1 is up to date -- skipping
warning: axel-2.17.14-1 is up to date -- skipping
warning: ripgrep-14.1.1-1 is up to date -- skipping
warning: typescript-5.7.2-1 is up to date -- skipping
warning: cmake-3.31.3-1 is up to date -- skipping
warning: curl-8.11.1-3 is up to date -- skipping
warning: cliphist-1:0.6.1-1 is up to date -- skipping
warning: meson-1.6.1-1 is up to date -- skipping
warning: xdg-user-dirs-0.18-2 is up to date -- skipping
warning: wget-1.25.0-1 is up to date -- skipping
warning: jq-1.7.1-2 is up to date -- skipping
warning: fuzzel-1.11.1-2 is up to date -- skipping
warning: rsync-3.3.0-2 is up to date -- skipping
 there is nothing to do
[34m[./install.sh]: Command "[32myay -S --needed --noconfirm --asdeps axel bc coreutils cliphist cmake curl fuzzel rsync wget ripgrep jq npm meson typescript gjs xdg-user-dirs[34m" finished.[0m
==> Making package: illogical-impulse-basic 1.0-1 (Thu 26 Dec 2024 12:03:27 AM EET)
==> Checking runtime dependencies...
==> Checking buildtime dependencies...
==> Retrieving sources...
==> Extracting sources...
==> Entering fakeroot environment...
==> Tidying install...
  -> Removing libtool files...
  -> Purging unwanted files...
  -> Removing static library files...
  -> Stripping unneeded symbols from binaries and libraries...
  -> Compressing man and info pages...
==> Checking for packaging issues...
==> Creating package "illogical-impulse-basic"...
  -> Generating .PKGINFO file...
  -> Generating .BUILDINFO file...
  -> Generating .MTREE file...
  -> Compressing package...
==> Leaving fakeroot environment.
==> Finished making: illogical-impulse-basic 1.0-1 (Thu 26 Dec 2024 12:03:29 AM EET)
==> Installing package illogical-impulse-basic with pacman -U...
warning: illogical-impulse-basic-1.0-1 is up to date -- reinstalling
loading packages...
resolving dependencies...
looking for conflicting packages...

Package (1)              Old Version  New Version  Net Change

illogical-impulse-basic  1.0-1        1.0-1          0.00 MiB


:: Proceed with installation? [Y/n] 
checking keyring...
checking package integrity...
loading package files...
checking for file conflicts...
:: Processing package changes...
reinstalling illogical-impulse-basic...
:: Running post-transaction hooks...
(1/1) Checking which packages need to be rebuilt
[34m[./install.sh]: Command "[32mmakepkg -si --noconfirm[34m" finished.[0m
~/dots-hyprland
[34m[./install.sh]: Command "[32mpopd[34m" finished.[0m
[34m[./install.sh]: Command "[32minstall-local-pkgbuild ./arch-packages/illogical-impulse-basic --needed --noconfirm[34m" finished.[0m
####################################################
[34m[./install.sh]: Next command:[0m
[32minstall-local-pkgbuild ./arch-packages/illogical-impulse-fonts-themes --needed --noconfirm[0m
~/dots-hyprland/arch-packages/illogical-impulse-fonts-themes ~/dots-hyprland
[34m[./install.sh]: Command "[32mpushd ./arch-packages/illogical-impulse-fonts-themes[34m" finished.[0m
 -> adw-gtk-theme-git-5.6.r1.gfb65089-1 is up to date -- skipping
 -> ttf-readex-pro-1.204-2 is up to date -- skipping
 -> ttf-material-symbols-variable-git-4.0.0.r126.g1cdf3a19-1 is up to date -- skipping
 -> ttf-rubik-vf-2.3.0-3 is up to date -- skipping
 -> ttf-gabarito-git-v1.000.r8.g1f3fb39-1 is up to date -- skipping
Sync Dependency (8): fontconfig-2:2.15.0-2, ttf-jetbrains-mono-nerd-3.3.0-1, ttf-space-mono-nerd-3.3.0-1, fish-3.7.1-2, foot-1.19.0-2, starship-1.21.1-1, qt5ct-1.8-2, qt5-wayland-5.15.16+kde+r59-3
warning: fish-3.7.1-2 is up to date -- skipping
warning: foot-1.19.0-2 is up to date -- skipping
warning: starship-1.21.1-1 is up to date -- skipping
warning: qt5ct-1.8-2 is up to date -- skipping
warning: qt5-wayland-5.15.16+kde+r59-3 is up to date -- skipping
warning: fontconfig-2:2.15.0-2 is up to date -- skipping
warning: ttf-jetbrains-mono-nerd-3.3.0-1 is up to date -- skipping
warning: ttf-space-mono-nerd-3.3.0-1 is up to date -- skipping
 there is nothing to do
[34m[./install.sh]: Command "[32myay -S --needed --noconfirm --asdeps adw-gtk-theme-git qt5ct qt5-wayland fontconfig ttf-readex-pro ttf-jetbrains-mono-nerd ttf-material-symbols-variable-git ttf-space-mono-nerd ttf-rubik-vf ttf-gabarito-git fish foot starship[34m" finished.[0m
==> Making package: illogical-impulse-fonts-themes 1.0-1 (Thu 26 Dec 2024 12:03:43 AM EET)
==> Checking runtime dependencies...
==> Checking buildtime dependencies...
==> Retrieving sources...
==> Extracting sources...
==> Entering fakeroot environment...
==> Tidying install...
  -> Removing libtool files...
  -> Purging unwanted files...
  -> Removing static library files...
  -> Stripping unneeded symbols from binaries and libraries...
  -> Compressing man and info pages...
==> Checking for packaging issues...
==> Creating package "illogical-impulse-fonts-themes"...
  -> Generating .PKGINFO file...
  -> Generating .BUILDINFO file...
  -> Generating .MTREE file...
  -> Compressing package...
==> Leaving fakeroot environment.
==> Finished making: illogical-impulse-fonts-themes 1.0-1 (Thu 26 Dec 2024 12:03:45 AM EET)
==> Installing package illogical-impulse-fonts-themes with pacman -U...
warning: illogical-impulse-fonts-themes-1.0-1 is up to date -- reinstalling
loading packages...
resolving dependencies...
looking for conflicting packages...

Package (1)                     Old Version  New Version  Net Change

illogical-impulse-fonts-themes  1.0-1        1.0-1          0.00 MiB


:: Proceed with installation? [Y/n] 
checking keyring...
checking package integrity...
loading package files...
checking for file conflicts...
:: Processing package changes...
reinstalling illogical-impulse-fonts-themes...
:: Running post-transaction hooks...
(1/1) Checking which packages need to be rebuilt
[34m[./install.sh]: Command "[32mmakepkg -si --noconfirm[34m" finished.[0m
~/dots-hyprland
[34m[./install.sh]: Command "[32mpopd[34m" finished.[0m
[34m[./install.sh]: Command "[32minstall-local-pkgbuild ./arch-packages/illogical-impulse-fonts-themes --needed --noconfirm[34m" finished.[0m
####################################################
[34m[./install.sh]: Next command:[0m
[32minstall-local-pkgbuild ./arch-packages/illogical-impulse-gnome --needed --noconfirm[0m
~/dots-hyprland/arch-packages/illogical-impulse-gnome ~/dots-hyprland
[34m[./install.sh]: Command "[32mpushd ./arch-packages/illogical-impulse-gnome[34m" finished.[0m
Sync Dependency (7): gammastep-2.0.9-7, gnome-bluetooth-3.0-47.1-1, polkit-gnome-0.105-11, gnome-keyring-1:46.2-1, gnome-control-center-47.2-1, blueberry-1.4.8-2, networkmanager-1.50.1-1
warning: gnome-bluetooth-3.0-47.1-1 is up to date -- skipping
warning: polkit-gnome-0.105-11 is up to date -- skipping
warning: gnome-keyring-1:46.2-1 is up to date -- skipping
warning: gnome-control-center-47.2-1 is up to date -- skipping
warning: blueberry-1.4.8-2 is up to date -- skipping
warning: networkmanager-1.50.1-1 is up to date -- skipping
warning: gammastep-2.0.9-7 is up to date -- skipping
 there is nothing to do
[34m[./install.sh]: Command "[32myay -S --needed --noconfirm --asdeps polkit-gnome gnome-keyring gnome-control-center blueberry networkmanager gammastep gnome-bluetooth-3.0[34m" finished.[0m
==> Making package: illogical-impulse-gnome 1.0-1 (Thu 26 Dec 2024 12:03:48 AM EET)
==> Checking runtime dependencies...
==> Checking buildtime dependencies...
==> Retrieving sources...
==> Extracting sources...
==> Entering fakeroot environment...
==> Tidying install...
  -> Removing libtool files...
  -> Purging unwanted files...
  -> Removing static library files...
  -> Stripping unneeded symbols from binaries and libraries...
  -> Compressing man and info pages...
==> Checking for packaging issues...
==> Creating package "illogical-impulse-gnome"...
  -> Generating .PKGINFO file...
  -> Generating .BUILDINFO file...
  -> Generating .MTREE file...
  -> Compressing package...
==> Leaving fakeroot environment.
==> Finished making: illogical-impulse-gnome 1.0-1 (Thu 26 Dec 2024 12:03:50 AM EET)
==> Installing package illogical-impulse-gnome with pacman -U...
warning: illogical-impulse-gnome-1.0-1 is up to date -- reinstalling
loading packages...
resolving dependencies...
looking for conflicting packages...

Package (1)              Old Version  New Version  Net Change

illogical-impulse-gnome  1.0-1        1.0-1          0.00 MiB


:: Proceed with installation? [Y/n] 
checking keyring...
checking package integrity...
loading package files...
checking for file conflicts...
:: Processing package changes...
reinstalling illogical-impulse-gnome...
:: Running post-transaction hooks...
(1/1) Checking which packages need to be rebuilt
[34m[./install.sh]: Command "[32mmakepkg -si --noconfirm[34m" finished.[0m
~/dots-hyprland
[34m[./install.sh]: Command "[32mpopd[34m" finished.[0m
[34m[./install.sh]: Command "[32minstall-local-pkgbuild ./arch-packages/illogical-impulse-gnome --needed --noconfirm[34m" finished.[0m
####################################################
[34m[./install.sh]: Next command:[0m
[32minstall-local-pkgbuild ./arch-packages/illogical-impulse-gtk --needed --noconfirm[0m
~/dots-hyprland/arch-packages/illogical-impulse-gtk ~/dots-hyprland
[34m[./install.sh]: Command "[32mpushd ./arch-packages/illogical-impulse-gtk[34m" finished.[0m
Sync Dependency (9): gobject-introspection-1.82.0-2, gtk3-1:3.24.43-4, ydotool-1.0.4-2, xdg-user-dirs-gtk-0.11-3, yad-14.1-2.1, webp-pixbuf-loader-0.2.7-1, gtksourceview3-1:3.24.11+r28+g73e57b57-2, gtk-layer-shell-0.9.0-1, upower-1.90.6-1
warning: upower-1.90.6-1 is up to date -- skipping
warning: webp-pixbuf-loader-0.2.7-1 is up to date -- skipping
warning: yad-14.1-2.1 is up to date -- skipping
warning: gobject-introspection-1.82.0-2 is up to date -- skipping
warning: gtk3-1:3.24.43-4 is up to date -- skipping
warning: ydotool-1.0.4-2 is up to date -- skipping
warning: gtk-layer-shell-0.9.0-1 is up to date -- skipping
warning: xdg-user-dirs-gtk-0.11-3 is up to date -- skipping
warning: gtksourceview3-1:3.24.11+r28+g73e57b57-2 is up to date -- skipping
 there is nothing to do
[34m[./install.sh]: Command "[32myay -S --needed --noconfirm --asdeps webp-pixbuf-loader gtk-layer-shell gtk3 gtksourceview3 gobject-introspection upower yad ydotool xdg-user-dirs-gtk[34m" finished.[0m
==> Making package: illogical-impulse-gtk 1.0-1 (Thu 26 Dec 2024 12:03:54 AM EET)
==> Checking runtime dependencies...
==> Checking buildtime dependencies...
==> Retrieving sources...
==> Extracting sources...
==> Entering fakeroot environment...
==> Tidying install...
  -> Removing libtool files...
  -> Purging unwanted files...
  -> Removing static library files...
  -> Stripping unneeded symbols from binaries and libraries...
  -> Compressing man and info pages...
==> Checking for packaging issues...
==> Creating package "illogical-impulse-gtk"...
  -> Generating .PKGINFO file...
  -> Generating .BUILDINFO file...
  -> Generating .MTREE file...
  -> Compressing package...
==> Leaving fakeroot environment.
==> Finished making: illogical-impulse-gtk 1.0-1 (Thu 26 Dec 2024 12:03:55 AM EET)
==> Installing package illogical-impulse-gtk with pacman -U...
warning: illogical-impulse-gtk-1.0-1 is up to date -- reinstalling
loading packages...
resolving dependencies...
looking for conflicting packages...

Package (1)            Old Version  New Version  Net Change

illogical-impulse-gtk  1.0-1        1.0-1          0.00 MiB


:: Proceed with installation? [Y/n] 
checking keyring...
checking package integrity...
loading package files...
checking for file conflicts...
:: Processing package changes...
reinstalling illogical-impulse-gtk...
:: Running post-transaction hooks...
(1/1) Checking which packages need to be rebuilt
[34m[./install.sh]: Command "[32mmakepkg -si --noconfirm[34m" finished.[0m
~/dots-hyprland
[34m[./install.sh]: Command "[32mpopd[34m" finished.[0m
[34m[./install.sh]: Command "[32minstall-local-pkgbuild ./arch-packages/illogical-impulse-gtk --needed --noconfirm[34m" finished.[0m
####################################################
[34m[./install.sh]: Next command:[0m
[32minstall-local-pkgbuild ./arch-packages/illogical-impulse-portal --needed --noconfirm[0m
~/dots-hyprland/arch-packages/illogical-impulse-portal ~/dots-hyprland
[34m[./install.sh]: Command "[32mpushd ./arch-packages/illogical-impulse-portal[34m" finished.[0m
 -> xdg-desktop-portal-hyprland-git-1.3.9.r1.gd7f18dda-1 is up to date -- skipping
Sync Dependency (2): xdg-desktop-portal-gtk-1.15.1-2, xdg-desktop-portal-1.18.4-2
warning: xdg-desktop-portal-gtk-1.15.1-2 is up to date -- skipping
warning: xdg-desktop-portal-1.18.4-2 is up to date -- skipping
 there is nothing to do
[34m[./install.sh]: Command "[32myay -S --needed --noconfirm --asdeps xdg-desktop-portal xdg-desktop-portal-gtk xdg-desktop-portal-hyprland-git[34m" finished.[0m
==> Making package: illogical-impulse-portal 1.0-1 (Thu 26 Dec 2024 12:04:00 AM EET)
==> Checking runtime dependencies...
==> Checking buildtime dependencies...
==> Retrieving sources...
==> Extracting sources...
==> Entering fakeroot environment...
==> Tidying install...
  -> Removing libtool files...
  -> Purging unwanted files...
  -> Removing static library files...
  -> Stripping unneeded symbols from binaries and libraries...
  -> Compressing man and info pages...
==> Checking for packaging issues...
==> Creating package "illogical-impulse-portal"...
  -> Generating .PKGINFO file...
  -> Generating .BUILDINFO file...
  -> Generating .MTREE file...
  -> Compressing package...
==> Leaving fakeroot environment.
==> Finished making: illogical-impulse-portal 1.0-1 (Thu 26 Dec 2024 12:04:02 AM EET)
==> Installing package illogical-impulse-portal with pacman -U...
warning: illogical-impulse-portal-1.0-1 is up to date -- reinstalling
loading packages...
resolving dependencies...
looking for conflicting packages...

Package (1)               Old Version  New Version  Net Change

illogical-impulse-portal  1.0-1        1.0-1          0.00 MiB


:: Proceed with installation? [Y/n] 
checking keyring...
checking package integrity...
loading package files...
checking for file conflicts...
:: Processing package changes...
reinstalling illogical-impulse-portal...
:: Running post-transaction hooks...
(1/1) Checking which packages need to be rebuilt
[34m[./install.sh]: Command "[32mmakepkg -si --noconfirm[34m" finished.[0m
~/dots-hyprland
[34m[./install.sh]: Command "[32mpopd[34m" finished.[0m
[34m[./install.sh]: Command "[32minstall-local-pkgbuild ./arch-packages/illogical-impulse-portal --needed --noconfirm[34m" finished.[0m
####################################################
[34m[./install.sh]: Next command:[0m
[32minstall-local-pkgbuild ./arch-packages/illogical-impulse-python --needed --noconfirm[0m
~/dots-hyprland/arch-packages/illogical-impulse-python ~/dots-hyprland
[34m[./install.sh]: Command "[32mpushd ./arch-packages/illogical-impulse-python[34m" finished.[0m
Sync Dependency (5): python-pillow-11.0.0-3, python-pywal-3.3.0-10, python-setuptools-scm-8.1.0-3, python-wheel-0.45.0-3, python-build-1.2.2-3
warning: python-wheel-0.45.0-3 is up to date -- skipping
warning: python-build-1.2.2-3 is up to date -- skipping
warning: python-pillow-11.0.0-3 is up to date -- skipping
warning: python-pywal-3.3.0-10 is up to date -- skipping
warning: python-setuptools-scm-8.1.0-3 is up to date -- skipping
 there is nothing to do
[34m[./install.sh]: Command "[32myay -S --needed --noconfirm --asdeps python-build python-pillow python-pywal python-setuptools-scm python-wheel[34m" finished.[0m
==> Making package: illogical-impulse-python 1.0-1 (Thu 26 Dec 2024 12:04:06 AM EET)
==> Checking runtime dependencies...
==> Checking buildtime dependencies...
==> Retrieving sources...
==> Extracting sources...
==> Entering fakeroot environment...
==> Tidying install...
  -> Removing libtool files...
  -> Purging unwanted files...
  -> Removing static library files...
  -> Stripping unneeded symbols from binaries and libraries...
  -> Compressing man and info pages...
==> Checking for packaging issues...
==> Creating package "illogical-impulse-python"...
  -> Generating .PKGINFO file...
  -> Generating .BUILDINFO file...
  -> Generating .MTREE file...
  -> Compressing package...
==> Leaving fakeroot environment.
==> Finished making: illogical-impulse-python 1.0-1 (Thu 26 Dec 2024 12:04:07 AM EET)
==> Installing package illogical-impulse-python with pacman -U...
warning: illogical-impulse-python-1.0-1 is up to date -- reinstalling
loading packages...
resolving dependencies...
looking for conflicting packages...

Package (1)               Old Version  New Version  Net Change

illogical-impulse-python  1.0-1        1.0-1          0.00 MiB


:: Proceed with installation? [Y/n] 
checking keyring...
checking package integrity...
loading package files...
checking for file conflicts...
:: Processing package changes...
reinstalling illogical-impulse-python...
:: Running post-transaction hooks...
(1/1) Checking which packages need to be rebuilt
[34m[./install.sh]: Command "[32mmakepkg -si --noconfirm[34m" finished.[0m
~/dots-hyprland
[34m[./install.sh]: Command "[32mpopd[34m" finished.[0m
[34m[./install.sh]: Command "[32minstall-local-pkgbuild ./arch-packages/illogical-impulse-python --needed --noconfirm[34m" finished.[0m
####################################################
[34m[./install.sh]: Next command:[0m
[32minstall-local-pkgbuild ./arch-packages/illogical-impulse-screencapture --needed --noconfirm[0m
~/dots-hyprland/arch-packages/illogical-impulse-screencapture ~/dots-hyprland
[34m[./install.sh]: Command "[32mpushd ./arch-packages/illogical-impulse-screencapture[34m" finished.[0m
Sync Dependency (6): swappy-1.5.1-2, wf-recorder-0.5.0-2, grim-1.4.1-2, tesseract-5.5.0-1, tesseract-data-eng-2:4.1.0-4, slurp-1.5.0-1
warning: swappy-1.5.1-2 is up to date -- skipping
warning: wf-recorder-0.5.0-2 is up to date -- skipping
warning: grim-1.4.1-2 is up to date -- skipping
warning: tesseract-5.5.0-1 is up to date -- skipping
warning: tesseract-data-eng-2:4.1.0-4 is up to date -- skipping
warning: slurp-1.5.0-1 is up to date -- skipping
 there is nothing to do
[34m[./install.sh]: Command "[32myay -S --needed --noconfirm --asdeps swappy wf-recorder grim tesseract tesseract-data-eng slurp[34m" finished.[0m
==> Making package: illogical-impulse-screencapture 1.0-1 (Thu 26 Dec 2024 12:04:11 AM EET)
==> Checking runtime dependencies...
==> Checking buildtime dependencies...
==> Retrieving sources...
==> Extracting sources...
==> Entering fakeroot environment...
==> Tidying install...
  -> Removing libtool files...
  -> Purging unwanted files...
  -> Removing static library files...
  -> Stripping unneeded symbols from binaries and libraries...
  -> Compressing man and info pages...
==> Checking for packaging issues...
==> Creating package "illogical-impulse-screencapture"...
  -> Generating .PKGINFO file...
  -> Generating .BUILDINFO file...
  -> Generating .MTREE file...
  -> Compressing package...
==> Leaving fakeroot environment.
==> Finished making: illogical-impulse-screencapture 1.0-1 (Thu 26 Dec 2024 12:04:13 AM EET)
==> Installing package illogical-impulse-screencapture with pacman -U...
warning: illogical-impulse-screencapture-1.0-1 is up to date -- reinstalling
loading packages...
resolving dependencies...
looking for conflicting packages...

Package (1)                      Old Version  New Version  Net Change

illogical-impulse-screencapture  1.0-1        1.0-1          0.00 MiB


:: Proceed with installation? [Y/n] 
checking keyring...
checking package integrity...
loading package files...
checking for file conflicts...
:: Processing package changes...
reinstalling illogical-impulse-screencapture...
:: Running post-transaction hooks...
(1/1) Checking which packages need to be rebuilt
[34m[./install.sh]: Command "[32mmakepkg -si --noconfirm[34m" finished.[0m
~/dots-hyprland
[34m[./install.sh]: Command "[32mpopd[34m" finished.[0m
[34m[./install.sh]: Command "[32minstall-local-pkgbuild ./arch-packages/illogical-impulse-screencapture --needed --noconfirm[34m" finished.[0m
####################################################
[34m[./install.sh]: Next command:[0m
[32minstall-local-pkgbuild ./arch-packages/illogical-impulse-widgets --needed --noconfirm[0m
~/dots-hyprland/arch-packages/illogical-impulse-widgets ~/dots-hyprland
[34m[./install.sh]: Command "[32mpushd ./arch-packages/illogical-impulse-widgets[34m" finished.[0m
 -> hypridle-git-0.1.5.r2.g413564cb-1 is up to date -- skipping
 -> hyprutils-git-0.3.0.r0.g5e45b1a1-1 is up to date -- skipping
 -> hyprlock-git-0.6.0.r10.g90bc9764-1 is up to date -- skipping
 -> wlogout-1.2.2-0 is up to date -- skipping
 -> hyprpicker-git-0.4.1.r7.46d2f5a-1 is up to date -- skipping
 -> anyrun-git-r196.d2017f2-1 is up to date -- skipping
Sync Dependency (4): wl-clipboard-1:2.2.1-2, dart-sass-1.82.0-1, python-pywayland-0.4.18-2, python-psutil-6.1.1-1
warning: dart-sass-1.82.0-1 is up to date -- skipping
warning: python-pywayland-0.4.18-2 is up to date -- skipping
warning: python-psutil-6.1.1-1 is up to date -- skipping
warning: wl-clipboard-1:2.2.1-2 is up to date -- skipping
 there is nothing to do
[34m[./install.sh]: Command "[32myay -S --needed --noconfirm --asdeps dart-sass python-pywayland python-psutil hypridle-git hyprutils-git hyprlock-git wlogout wl-clipboard hyprpicker-git anyrun-git[34m" finished.[0m
==> Making package: illogical-impulse-widgets 1.0-1 (Thu 26 Dec 2024 12:04:17 AM EET)
==> Checking runtime dependencies...
==> Checking buildtime dependencies...
==> Retrieving sources...
==> Extracting sources...
==> Entering fakeroot environment...
==> Tidying install...
  -> Removing libtool files...
  -> Purging unwanted files...
  -> Removing static library files...
  -> Stripping unneeded symbols from binaries and libraries...
  -> Compressing man and info pages...
==> Checking for packaging issues...
==> Creating package "illogical-impulse-widgets"...
  -> Generating .PKGINFO file...
  -> Generating .BUILDINFO file...
  -> Generating .MTREE file...
  -> Compressing package...
==> Leaving fakeroot environment.
==> Finished making: illogical-impulse-widgets 1.0-1 (Thu 26 Dec 2024 12:04:19 AM EET)
==> Installing package illogical-impulse-widgets with pacman -U...
warning: illogical-impulse-widgets-1.0-1 is up to date -- reinstalling
loading packages...
resolving dependencies...
looking for conflicting packages...

Package (1)                Old Version  New Version  Net Change

illogical-impulse-widgets  1.0-1        1.0-1          0.00 MiB


:: Proceed with installation? [Y/n] 
checking keyring...
checking package integrity...
loading package files...
checking for file conflicts...
:: Processing package changes...
reinstalling illogical-impulse-widgets...
:: Running post-transaction hooks...
(1/1) Checking which packages need to be rebuilt
[34m[./install.sh]: Command "[32mmakepkg -si --noconfirm[34m" finished.[0m
~/dots-hyprland
[34m[./install.sh]: Command "[32mpopd[34m" finished.[0m
[34m[./install.sh]: Command "[32minstall-local-pkgbuild ./arch-packages/illogical-impulse-widgets --needed --noconfirm[34m" finished.[0m
####################################################
[34m[./install.sh]: Next command:[0m
[32minstall-local-pkgbuild ./arch-packages/illogical-impulse-extras --needed --noconfirm[0m
~/dots-hyprland/arch-packages/illogical-impulse-extras ~/dots-hyprland
[34m[./install.sh]: Command "[32mpushd ./arch-packages/illogical-impulse-extras[34m" finished.[0m
 -> cava-0.10.3-2 is up to date -- skipping
Sync Dependency (2): gvfs-1.56.1-1, python-pywal-3.3.0-10
Sync Explicit (5): mpv-1:0.39.0-4, mpd-0.23.16-1, gnome, ttf-font-awesome-6.7.2-1, ttc-iosevka-32.2.1-1
warning: python-pywal-3.3.0-10 is up to date -- skipping
warning: ttc-iosevka-32.2.1-1 is up to date -- skipping
warning: gvfs-1.56.1-1 is up to date -- skipping
warning: baobab-47.0-1 is up to date -- skipping
warning: epiphany-47.2-1 is up to date -- skipping
warning: evince-46.3.1-2 is up to date -- skipping
warning: gdm-47.0-2 is up to date -- skipping
warning: gnome-backgrounds-47.0-1 is up to date -- skipping
warning: gnome-calculator-47.1-1 is up to date -- skipping
warning: gnome-calendar-47.0-1 is up to date -- skipping
warning: gnome-characters-47.0-1 is up to date -- skipping
warning: gnome-clocks-47.0-1 is up to date -- skipping
warning: gnome-color-manager-3.36.0+r62+g82000f1d-1 is up to date -- skipping
warning: gnome-connections-47.0-1 is up to date -- skipping
warning: gnome-console-47.1-1 is up to date -- skipping
warning: gnome-contacts-47.1.1-1 is up to date -- skipping
warning: gnome-control-center-47.2-1 is up to date -- skipping
warning: gnome-disk-utility-46.1-1 is up to date -- skipping
warning: gnome-font-viewer-47.0-1 is up to date -- skipping
warning: gnome-keyring-1:46.2-1 is up to date -- skipping
warning: gnome-logs-45.0-1 is up to date -- skipping
warning: gnome-maps-47.2-1 is up to date -- skipping
warning: gnome-menus-3.36.0-3 is up to date -- skipping
warning: gnome-music-1:47.1-2 is up to date -- skipping
warning: gnome-remote-desktop-47.2-1 is up to date -- skipping
warning: gnome-session-47.0.1-1 is up to date -- skipping
warning: gnome-settings-daemon-47.2-1 is up to date -- skipping
warning: gnome-shell-1:47.2-1 is up to date -- skipping
warning: gnome-shell-extensions-47.2-1 is up to date -- skipping
warning: gnome-software-47.2-1 is up to date -- skipping
warning: gnome-system-monitor-47.0-3 is up to date -- skipping
warning: gnome-text-editor-47.2-1 is up to date -- skipping
warning: gnome-tour-47.0-1 is up to date -- skipping
warning: gnome-user-docs-47.2-1 is up to date -- skipping
warning: gnome-user-share-47.2-1 is up to date -- skipping
warning: gnome-weather-47.0-1 is up to date -- skipping
warning: grilo-plugins-1:0.3.16-1 is up to date -- skipping
warning: gvfs-1.56.1-1 is up to date -- skipping
warning: gvfs-afc-1.56.1-1 is up to date -- skipping
warning: gvfs-goa-1.56.1-1 is up to date -- skipping
warning: gvfs-google-1.56.1-1 is up to date -- skipping
warning: gvfs-gphoto2-1.56.1-1 is up to date -- skipping
warning: gvfs-mtp-1.56.1-1 is up to date -- skipping
warning: gvfs-nfs-1.56.1-1 is up to date -- skipping
warning: gvfs-onedrive-1.56.1-1 is up to date -- skipping
warning: gvfs-smb-1.56.1-1 is up to date -- skipping
warning: loupe-47.2-1 is up to date -- skipping
warning: malcontent-0.13.0-1 is up to date -- skipping
warning: nautilus-47.1-2 is up to date -- skipping
warning: orca-47.2-2 is up to date -- skipping
warning: rygel-1:0.44.1-1 is up to date -- skipping
warning: simple-scan-46.0-2 is up to date -- skipping
warning: snapshot-47.1-1 is up to date -- skipping
warning: sushi-46.0-2 is up to date -- skipping
warning: tecla-47.0-1 is up to date -- skipping
warning: totem-43.1-1 is up to date -- skipping
warning: xdg-desktop-portal-gnome-47.1-2 is up to date -- skipping
warning: xdg-user-dirs-gtk-0.11-3 is up to date -- skipping
warning: yelp-42.2-2 is up to date -- skipping
:: There are 2 members in group gnome:
:: Repository extra
   1) gvfs-dnssd  2) gvfs-wsdd

Enter a selection (default=all): warning: mpv-1:0.39.0-4 is up to date -- skipping

resolving dependencies...
looking for conflicting packages...

Package (12)            New Version  Net Change  Download Size

extra/fmt               11.0.2-1       3.31 MiB       0.67 MiB
extra/libid3tag         0.16.3-2       0.10 MiB       0.04 MiB
extra/libmikmod         3.3.11.1-7     0.60 MiB       0.20 MiB
extra/libmms            0.6.4-5        0.07 MiB       0.03 MiB
extra/libmpdclient      2.22-1         0.32 MiB       0.07 MiB
extra/libsidplayfp      2.12.0-1       0.54 MiB       0.15 MiB
extra/wsdd              0.8-2          0.09 MiB       0.03 MiB
extra/yajl              2.1.0-6        0.22 MiB       0.05 MiB
extra/gvfs-dnssd        1.56.1-1       0.13 MiB       0.04 MiB
extra/gvfs-wsdd         1.56.1-1       0.04 MiB       0.02 MiB
extra/mpd               0.23.16-1      2.31 MiB       0.75 MiB
extra/ttf-font-awesome  6.7.2-1        0.69 MiB       0.28 MiB

Total Download Size:   2.33 MiB
Total Installed Size:  8.43 MiB

:: Proceed with installation? [Y/n] 
:: Retrieving packages...
 mpd-0.23.16-1-x86_64 downloading...
 fmt-11.0.2-1-x86_64 downloading...
 ttf-font-awesome-6.7.2-1-any downloading...
 libmikmod-3.3.11.1-7-x86_64 downloading...
 libsidplayfp-2.12.0-1-x86_64 downloading...
 libmpdclient-2.22-1-x86_64 downloading...
 yajl-2.1.0-6-x86_64 downloading...
 gvfs-dnssd-1.56.1-1-x86_64 downloading...
 libid3tag-0.16.3-2-x86_64 downloading...
 wsdd-0.8-2-any downloading...
 libmms-0.6.4-5-x86_64 downloading...
 gvfs-wsdd-1.56.1-1-x86_64 downloading...
checking keyring...
checking package integrity...
loading package files...
checking for file conflicts...
:: Processing package changes...
installing libmms...
installing libsidplayfp...
Optional dependencies for libsidplayfp
    vice: better SID support
installing fmt...
installing libid3tag...
installing libmikmod...
installing libmpdclient...
installing yajl...
installing mpd...
installing ttf-font-awesome...
installing gvfs-dnssd...
installing wsdd...
installing gvfs-wsdd...
:: Running post-transaction hooks...
( 1/10) Creating system user accounts...
Creating group 'mpd' with GID 45.
Creating user 'mpd' (n/a) with UID 45 and GID 45.
( 2/10) Reloading system manager configuration...
( 3/10) Reloading user manager configuration...
( 4/10) Creating temporary files...
( 5/10) Arming ConditionNeedsUpdate...
( 6/10) Updating fontconfig cache...
( 7/10) Compiling GSettings XML schema files...
( 8/10) Updating icon theme caches...
( 9/10) Reloading GVFS config...
pkill: not a hex string: fffffffd7fc1feff
pkill: not a hex string: fffffffd7fc1feff
pkill: not a hex string: fffffffd7fc1feff
(10/10) Updating the info directory file...
[34m[./install.sh]: Command "[32myay -S --needed --noconfirm --asdeps cava ttf-font-awesome python-pywal ttc-iosevka gvfs mpv mpd gnome[34m" finished.[0m
==> Making package: illogical-impulse-extras 1.0-1 (Thu 26 Dec 2024 12:04:29 AM EET)
==> Checking runtime dependencies...
==> Installing missing dependencies...
:: There are 58 members in group gnome:
:: Repository extra
   1) baobab  2) epiphany  3) evince  4) gdm  5) gnome-backgrounds  6) gnome-calculator  7) gnome-calendar  8) gnome-characters  9) gnome-clocks  10) gnome-color-manager  11) gnome-connections  12) gnome-console  13) gnome-contacts  14) gnome-control-center  15) gnome-disk-utility  16) gnome-font-viewer  17) gnome-keyring  18) gnome-logs  19) gnome-maps  20) gnome-menus  21) gnome-music  22) gnome-remote-desktop  23) gnome-session  24) gnome-settings-daemon  25) gnome-shell  26) gnome-shell-extensions  27) gnome-software  28) gnome-system-monitor  29) gnome-text-editor  30) gnome-tour  31) gnome-user-docs  32) gnome-user-share  33) gnome-weather  34) grilo-plugins  35) gvfs  36) gvfs-afc  37) gvfs-dnssd  38) gvfs-goa  39) gvfs-google  40) gvfs-gphoto2  41) gvfs-mtp  42) gvfs-nfs  43) gvfs-onedrive  44) gvfs-smb  45) gvfs-wsdd  46) loupe  47) malcontent  48) nautilus  49) orca  50) rygel  51) simple-scan  52) snapshot  53) sushi  54) tecla  55) totem  56) xdg-desktop-portal-gnome  57) xdg-user-dirs-gtk  58) yelp

Enter a selection (default=all): warning: baobab-47.0-1 is up to date -- reinstalling
warning: epiphany-47.2-1 is up to date -- reinstalling
warning: evince-46.3.1-2 is up to date -- reinstalling
warning: gdm-47.0-2 is up to date -- reinstalling
warning: gnome-backgrounds-47.0-1 is up to date -- reinstalling
warning: gnome-calculator-47.1-1 is up to date -- reinstalling
warning: gnome-calendar-47.0-1 is up to date -- reinstalling
warning: gnome-characters-47.0-1 is up to date -- reinstalling
warning: gnome-clocks-47.0-1 is up to date -- reinstalling
warning: gnome-color-manager-3.36.0+r62+g82000f1d-1 is up to date -- reinstalling
warning: gnome-connections-47.0-1 is up to date -- reinstalling
warning: gnome-console-47.1-1 is up to date -- reinstalling
warning: gnome-contacts-47.1.1-1 is up to date -- reinstalling
warning: gnome-control-center-47.2-1 is up to date -- reinstalling
warning: gnome-disk-utility-46.1-1 is up to date -- reinstalling
warning: gnome-font-viewer-47.0-1 is up to date -- reinstalling
warning: gnome-keyring-1:46.2-1 is up to date -- reinstalling
warning: gnome-logs-45.0-1 is up to date -- reinstalling
warning: gnome-maps-47.2-1 is up to date -- reinstalling
warning: gnome-menus-3.36.0-3 is up to date -- reinstalling
warning: gnome-music-1:47.1-2 is up to date -- reinstalling
warning: gnome-remote-desktop-47.2-1 is up to date -- reinstalling
warning: gnome-session-47.0.1-1 is up to date -- reinstalling
warning: gnome-settings-daemon-47.2-1 is up to date -- reinstalling
warning: gnome-shell-1:47.2-1 is up to date -- reinstalling
warning: gnome-shell-extensions-47.2-1 is up to date -- reinstalling
warning: gnome-software-47.2-1 is up to date -- reinstalling
warning: gnome-system-monitor-47.0-3 is up to date -- reinstalling
warning: gnome-text-editor-47.2-1 is up to date -- reinstalling
warning: gnome-tour-47.0-1 is up to date -- reinstalling
warning: gnome-user-docs-47.2-1 is up to date -- reinstalling
warning: gnome-user-share-47.2-1 is up to date -- reinstalling
warning: gnome-weather-47.0-1 is up to date -- reinstalling
warning: grilo-plugins-1:0.3.16-1 is up to date -- reinstalling
warning: gvfs-1.56.1-1 is up to date -- reinstalling
warning: gvfs-afc-1.56.1-1 is up to date -- reinstalling
warning: gvfs-dnssd-1.56.1-1 is up to date -- reinstalling
warning: gvfs-goa-1.56.1-1 is up to date -- reinstalling
warning: gvfs-google-1.56.1-1 is up to date -- reinstalling
warning: gvfs-gphoto2-1.56.1-1 is up to date -- reinstalling
warning: gvfs-mtp-1.56.1-1 is up to date -- reinstalling
warning: gvfs-nfs-1.56.1-1 is up to date -- reinstalling
warning: gvfs-onedrive-1.56.1-1 is up to date -- reinstalling
warning: gvfs-smb-1.56.1-1 is up to date -- reinstalling
warning: gvfs-wsdd-1.56.1-1 is up to date -- reinstalling
warning: loupe-47.2-1 is up to date -- reinstalling
warning: malcontent-0.13.0-1 is up to date -- reinstalling
warning: nautilus-47.1-2 is up to date -- reinstalling
warning: orca-47.2-2 is up to date -- reinstalling
warning: rygel-1:0.44.1-1 is up to date -- reinstalling
warning: simple-scan-46.0-2 is up to date -- reinstalling
warning: snapshot-47.1-1 is up to date -- reinstalling
warning: sushi-46.0-2 is up to date -- reinstalling
warning: tecla-47.0-1 is up to date -- reinstalling
warning: totem-43.1-1 is up to date -- reinstalling
warning: xdg-desktop-portal-gnome-47.1-2 is up to date -- reinstalling
warning: xdg-user-dirs-gtk-0.11-3 is up to date -- reinstalling
warning: yelp-42.2-2 is up to date -- reinstalling

resolving dependencies...
looking for conflicting packages...

Package (58)                    Old Version             New Version             Net Change

extra/baobab                    47.0-1                  47.0-1                    0.00 MiB
extra/epiphany                  47.2-1                  47.2-1                    0.00 MiB
extra/evince                    46.3.1-2                46.3.1-2                  0.00 MiB
extra/gdm                       47.0-2                  47.0-2                    0.00 MiB
extra/gnome-backgrounds         47.0-1                  47.0-1                    0.00 MiB
extra/gnome-calculator          47.1-1                  47.1-1                    0.00 MiB
extra/gnome-calendar            47.0-1                  47.0-1                    0.00 MiB
extra/gnome-characters          47.0-1                  47.0-1                    0.00 MiB
extra/gnome-clocks              47.0-1                  47.0-1                    0.00 MiB
extra/gnome-color-manager       3.36.0+r62+g82000f1d-1  3.36.0+r62+g82000f1d-1    0.00 MiB
extra/gnome-connections         47.0-1                  47.0-1                    0.00 MiB
extra/gnome-console             47.1-1                  47.1-1                    0.00 MiB
extra/gnome-contacts            47.1.1-1                47.1.1-1                  0.00 MiB
extra/gnome-control-center      47.2-1                  47.2-1                    0.00 MiB
extra/gnome-disk-utility        46.1-1                  46.1-1                    0.00 MiB
extra/gnome-font-viewer         47.0-1                  47.0-1                    0.00 MiB
extra/gnome-keyring             1:46.2-1                1:46.2-1                  0.00 MiB
extra/gnome-logs                45.0-1                  45.0-1                    0.00 MiB
extra/gnome-maps                47.2-1                  47.2-1                    0.00 MiB
extra/gnome-menus               3.36.0-3                3.36.0-3                  0.00 MiB
extra/gnome-music               1:47.1-2                1:47.1-2                  0.00 MiB
extra/gnome-remote-desktop      47.2-1                  47.2-1                    0.00 MiB
extra/gnome-session             47.0.1-1                47.0.1-1                  0.00 MiB
extra/gnome-settings-daemon     47.2-1                  47.2-1                    0.00 MiB
extra/gnome-shell               1:47.2-1                1:47.2-1                  0.00 MiB
extra/gnome-shell-extensions    47.2-1                  47.2-1                    0.00 MiB
extra/gnome-software            47.2-1                  47.2-1                    0.00 MiB
extra/gnome-system-monitor      47.0-3                  47.0-3                    0.00 MiB
extra/gnome-text-editor         47.2-1                  47.2-1                    0.00 MiB
extra/gnome-tour                47.0-1                  47.0-1                    0.00 MiB
extra/gnome-user-docs           47.2-1                  47.2-1                    0.00 MiB
extra/gnome-user-share          47.2-1                  47.2-1                    0.00 MiB
extra/gnome-weather             47.0-1                  47.0-1                    0.00 MiB
extra/grilo-plugins             1:0.3.16-1              1:0.3.16-1                0.00 MiB
extra/gvfs                      1.56.1-1                1.56.1-1                  0.00 MiB
extra/gvfs-afc                  1.56.1-1                1.56.1-1                  0.00 MiB
extra/gvfs-dnssd                1.56.1-1                1.56.1-1                  0.00 MiB
extra/gvfs-goa                  1.56.1-1                1.56.1-1                  0.00 MiB
extra/gvfs-google               1.56.1-1                1.56.1-1                  0.00 MiB
extra/gvfs-gphoto2              1.56.1-1                1.56.1-1                  0.00 MiB
extra/gvfs-mtp                  1.56.1-1                1.56.1-1                  0.00 MiB
extra/gvfs-nfs                  1.56.1-1                1.56.1-1                  0.00 MiB
extra/gvfs-onedrive             1.56.1-1                1.56.1-1                  0.00 MiB
extra/gvfs-smb                  1.56.1-1                1.56.1-1                  0.00 MiB
extra/gvfs-wsdd                 1.56.1-1                1.56.1-1                  0.00 MiB
extra/loupe                     47.2-1                  47.2-1                    0.00 MiB
extra/malcontent                0.13.0-1                0.13.0-1                  0.00 MiB
extra/nautilus                  47.1-2                  47.1-2                    0.00 MiB
extra/orca                      47.2-2                  47.2-2                    0.00 MiB
extra/rygel                     1:0.44.1-1              1:0.44.1-1                0.00 MiB
extra/simple-scan               46.0-2                  46.0-2                    0.00 MiB
extra/snapshot                  47.1-1                  47.1-1                    0.00 MiB
extra/sushi                     46.0-2                  46.0-2                    0.00 MiB
extra/tecla                     47.0-1                  47.0-1                    0.00 MiB
extra/totem                     43.1-1                  43.1-1                    0.00 MiB
extra/xdg-desktop-portal-gnome  47.1-2                  47.1-2                    0.00 MiB
extra/xdg-user-dirs-gtk         0.11-3                  0.11-3                    0.00 MiB
extra/yelp                      42.2-2                  42.2-2                    0.00 MiB

Total Installed Size:  288.80 MiB
Net Upgrade Size:        0.00 MiB

:: Proceed with installation? [Y/n] 
checking keyring...
checking package integrity...
loading package files...
checking for file conflicts...
:: Processing package changes...
reinstalling baobab...
reinstalling epiphany...
reinstalling gvfs...
reinstalling evince...
reinstalling gnome-keyring...
reinstalling xdg-user-dirs-gtk...
reinstalling nautilus...
reinstalling xdg-desktop-portal-gnome...
reinstalling gnome-session...
reinstalling gnome-settings-daemon...
reinstalling gnome-shell...
reinstalling gdm...
reinstalling gnome-backgrounds...
reinstalling gnome-calculator...
reinstalling gnome-calendar...
reinstalling gnome-characters...
reinstalling gnome-clocks...
reinstalling gnome-color-manager...
reinstalling gnome-connections...
reinstalling gnome-console...
reinstalling gnome-contacts...
reinstalling tecla...
reinstalling gnome-control-center...
reinstalling gnome-disk-utility...
reinstalling gnome-font-viewer...
reinstalling gnome-logs...
reinstalling gnome-maps...
reinstalling gnome-menus...
reinstalling grilo-plugins...
reinstalling gnome-music...
reinstalling gnome-remote-desktop...
reinstalling gnome-shell-extensions...
reinstalling gnome-software...
reinstalling gnome-system-monitor...
reinstalling gnome-text-editor...
reinstalling gnome-tour...
reinstalling yelp...
reinstalling gnome-user-docs...
reinstalling gnome-user-share...
reinstalling gnome-weather...
reinstalling gvfs-afc...
reinstalling gvfs-dnssd...
reinstalling gvfs-goa...
reinstalling gvfs-google...
reinstalling gvfs-gphoto2...
reinstalling gvfs-mtp...
reinstalling gvfs-nfs...
reinstalling gvfs-onedrive...
reinstalling gvfs-smb...
reinstalling gvfs-wsdd...
reinstalling loupe...
reinstalling malcontent...
reinstalling orca...
reinstalling rygel...
reinstalling simple-scan...
reinstalling snapshot...
reinstalling sushi...
reinstalling totem...
:: Running post-transaction hooks...
( 1/17) Creating system user accounts...
( 2/17) Reloading system manager configuration...
( 3/17) Reloading user manager configuration...
( 4/17) Restarting marked services...
( 5/17) Creating temporary files...
( 6/17) Reloading device manager configuration...
( 7/17) Arming ConditionNeedsUpdate...
( 8/17) Updating the MIME type database...
( 9/17) Updating the appstream cache...
✔ Metadata cache was updated successfully.
(10/17) Restarting accounts-daemon...
(11/17) Reloading system bus configuration...
(12/17) Updating GIO module cache...
(13/17) Compiling GSettings XML schema files...
(14/17) Updating icon theme caches...
(15/17) Reloading GVFS config...
pkill: not a hex string: fffffffd7fc1feff
pkill: not a hex string: fffffffd7fc1feff
(16/17) Checking which packages need to be rebuilt
(17/17) Updating the desktop file MIME type cache...
==> Missing dependencies:
  -> gnome
==> Checking buildtime dependencies...
==> ERROR: Could not resolve all dependencies.
[31m[./install.sh]: Command "[32mmakepkg -si --noconfirm[31m" has failed.
You may need to resolve the problem manually BEFORE repeating this command.
[Tip] If a certain package is failing to install, try installing it separately in another terminal.
[Tip] If a package is conflicting with its -git version, in another terminal, install the -git one.[0m
  r = Repeat this command (DEFAULT)
  e = Exit now
  i = Ignore this error and continue (your setup might not work correctly)
 [R/e/i]: [34mAlright, ignore and continue...[0m
[31m[./install.sh]: Command "[32mmakepkg -si --noconfirm[31m" has failed but ignored by user.[0m
~/dots-hyprland
[34m[./install.sh]: Command "[32mpopd[34m" finished.[0m
[34m[./install.sh]: Command "[32minstall-local-pkgbuild ./arch-packages/illogical-impulse-extras --needed --noconfirm[34m" finished.[0m
####################################################
[34m[./install.sh]: Next command:[0m
[32minstall-local-pkgbuild ./arch-packages/illogical-impulse-extras-aur --needed --noconfirm[0m
~/dots-hyprland/arch-packages/illogical-impulse-extras-aur ~/dots-hyprland
[34m[./install.sh]: Command "[32mpushd ./arch-packages/illogical-impulse-extras-aur[34m" finished.[0m
 -> spicetify-cli-2.38.7-1 is up to date -- skipping
 -> spotify-1:1.2.52.442-1 is up to date -- skipping
 -> python-pywalfox-2.7.4-1 is up to date -- skipping
Sync Explicit (1): obsidian-1.7.7-1
resolving dependencies...
looking for conflicting packages...

Package (2)       New Version  Net Change  Download Size

extra/electron32  32.2.7-1     240.94 MiB      69.66 MiB
extra/obsidian    1.7.7-1       22.37 MiB       5.73 MiB

Total Download Size:    75.39 MiB
Total Installed Size:  263.31 MiB

:: Proceed with installation? [Y/n] 
:: Retrieving packages...
